{"C:\\Users\\laksh\\GITHUB\\1hub_rep2\\G48A\\server\\src\\config\\tierRules.js": {"path":"C:\\Users\\laksh\\GITHUB\\1hub_rep2\\G48A\\server\\src\\config\\tierRules.js","statementMap":{"0":{"start":{"line":10,"column":19},"end":{"line":247,"column":1}},"1":{"start":{"line":42,"column":6},"end":{"line":42,"column":50}},"2":{"start":{"line":42,"column":37},"end":{"line":42,"column":50}},"3":{"start":{"line":43,"column":6},"end":{"line":43,"column":62}},"4":{"start":{"line":46,"column":16},"end":{"line":46,"column":26}},"5":{"start":{"line":47,"column":6},"end":{"line":47,"column":34}},"6":{"start":{"line":48,"column":6},"end":{"line":48,"column":15}},"7":{"start":{"line":74,"column":23},"end":{"line":74,"column":51}},"8":{"start":{"line":76,"column":16},"end":{"line":76,"column":26}},"9":{"start":{"line":77,"column":6},"end":{"line":77,"column":34}},"10":{"start":{"line":78,"column":6},"end":{"line":78,"column":15}},"11":{"start":{"line":112,"column":6},"end":{"line":112,"column":50}},"12":{"start":{"line":112,"column":37},"end":{"line":112,"column":50}},"13":{"start":{"line":113,"column":6},"end":{"line":113,"column":62}},"14":{"start":{"line":116,"column":16},"end":{"line":116,"column":26}},"15":{"start":{"line":117,"column":6},"end":{"line":117,"column":34}},"16":{"start":{"line":118,"column":6},"end":{"line":118,"column":15}},"17":{"start":{"line":154,"column":6},"end":{"line":154,"column":50}},"18":{"start":{"line":154,"column":37},"end":{"line":154,"column":50}},"19":{"start":{"line":155,"column":6},"end":{"line":155,"column":62}},"20":{"start":{"line":158,"column":16},"end":{"line":158,"column":26}},"21":{"start":{"line":159,"column":6},"end":{"line":159,"column":34}},"22":{"start":{"line":160,"column":6},"end":{"line":160,"column":15}},"23":{"start":{"line":196,"column":6},"end":{"line":196,"column":50}},"24":{"start":{"line":196,"column":37},"end":{"line":196,"column":50}},"25":{"start":{"line":197,"column":6},"end":{"line":197,"column":62}},"26":{"start":{"line":200,"column":16},"end":{"line":200,"column":26}},"27":{"start":{"line":201,"column":6},"end":{"line":201,"column":34}},"28":{"start":{"line":202,"column":6},"end":{"line":202,"column":15}},"29":{"start":{"line":238,"column":6},"end":{"line":238,"column":50}},"30":{"start":{"line":238,"column":37},"end":{"line":238,"column":50}},"31":{"start":{"line":239,"column":6},"end":{"line":239,"column":62}},"32":{"start":{"line":242,"column":16},"end":{"line":242,"column":26}},"33":{"start":{"line":243,"column":6},"end":{"line":243,"column":34}},"34":{"start":{"line":244,"column":6},"end":{"line":244,"column":15}},"35":{"start":{"line":249,"column":19},"end":{"line":249,"column":78}},"36":{"start":{"line":251,"column":20},"end":{"line":256,"column":1}},"37":{"start":{"line":258,"column":21},"end":{"line":258,"column":90}},"38":{"start":{"line":258,"column":35},"end":{"line":258,"column":90}},"39":{"start":{"line":260,"column":30},"end":{"line":266,"column":1}},"40":{"start":{"line":261,"column":16},"end":{"line":261,"column":38}},"41":{"start":{"line":262,"column":2},"end":{"line":262,"column":41}},"42":{"start":{"line":262,"column":29},"end":{"line":262,"column":41}},"43":{"start":{"line":263,"column":17},"end":{"line":263,"column":27}},"44":{"start":{"line":264,"column":2},"end":{"line":264,"column":60}},"45":{"start":{"line":265,"column":2},"end":{"line":265,"column":16}},"46":{"start":{"line":268,"column":26},"end":{"line":303,"column":1}},"47":{"start":{"line":269,"column":16},"end":{"line":269,"column":38}},"48":{"start":{"line":270,"column":2},"end":{"line":302,"column":4}},"49":{"start":{"line":305,"column":27},"end":{"line":305,"column":66}},"50":{"start":{"line":305,"column":33},"end":{"line":305,"column":66}},"51":{"start":{"line":307,"column":23},"end":{"line":356,"column":1}},"52":{"start":{"line":308,"column":16},"end":{"line":308,"column":48}},"53":{"start":{"line":309,"column":2},"end":{"line":309,"column":67}},"54":{"start":{"line":309,"column":14},"end":{"line":309,"column":67}},"55":{"start":{"line":310,"column":2},"end":{"line":310,"column":114}},"56":{"start":{"line":310,"column":57},"end":{"line":310,"column":114}},"57":{"start":{"line":311,"column":2},"end":{"line":311,"column":144}},"58":{"start":{"line":311,"column":53},"end":{"line":311,"column":144}},"59":{"start":{"line":314,"column":2},"end":{"line":351,"column":3}},"60":{"start":{"line":315,"column":4},"end":{"line":350,"column":5}},"61":{"start":{"line":316,"column":6},"end":{"line":346,"column":7}},"62":{"start":{"line":318,"column":23},"end":{"line":326,"column":9}},"63":{"start":{"line":327,"column":8},"end":{"line":330,"column":9}},"64":{"start":{"line":329,"column":10},"end":{"line":329,"column":75}},"65":{"start":{"line":332,"column":8},"end":{"line":332,"column":66}},"66":{"start":{"line":335,"column":8},"end":{"line":345,"column":9}},"67":{"start":{"line":338,"column":10},"end":{"line":340,"column":11}},"68":{"start":{"line":339,"column":12},"end":{"line":339,"column":77}},"69":{"start":{"line":343,"column":10},"end":{"line":343,"column":81}},"70":{"start":{"line":344,"column":10},"end":{"line":344,"column":93}},"71":{"start":{"line":349,"column":6},"end":{"line":349,"column":109}},"72":{"start":{"line":349,"column":44},"end":{"line":349,"column":109}},"73":{"start":{"line":353,"column":16},"end":{"line":353,"column":38}},"74":{"start":{"line":354,"column":21},"end":{"line":354,"column":70}},"75":{"start":{"line":355,"column":2},"end":{"line":355,"column":145}},"76":{"start":{"line":358,"column":25},"end":{"line":369,"column":1}},"77":{"start":{"line":359,"column":16},"end":{"line":359,"column":48}},"78":{"start":{"line":360,"column":2},"end":{"line":360,"column":47}},"79":{"start":{"line":360,"column":40},"end":{"line":360,"column":47}},"80":{"start":{"line":366,"column":2},"end":{"line":368,"column":3}},"81":{"start":{"line":367,"column":4},"end":{"line":367,"column":22}},"82":{"start":{"line":371,"column":23},"end":{"line":377,"column":1}},"83":{"start":{"line":372,"column":16},"end":{"line":372,"column":38}},"84":{"start":{"line":373,"column":2},"end":{"line":373,"column":36}},"85":{"start":{"line":373,"column":24},"end":{"line":373,"column":36}},"86":{"start":{"line":374,"column":12},"end":{"line":374,"column":22}},"87":{"start":{"line":375,"column":2},"end":{"line":375,"column":43}},"88":{"start":{"line":376,"column":2},"end":{"line":376,"column":11}},"89":{"start":{"line":379,"column":24},"end":{"line":389,"column":1}},"90":{"start":{"line":380,"column":2},"end":{"line":388,"column":3}},"91":{"start":{"line":381,"column":19},"end":{"line":384,"column":5}},"92":{"start":{"line":385,"column":4},"end":{"line":385,"column":48}},"93":{"start":{"line":387,"column":4},"end":{"line":387,"column":17}},"94":{"start":{"line":391,"column":22},"end":{"line":394,"column":1}},"95":{"start":{"line":392,"column":14},"end":{"line":392,"column":60}},"96":{"start":{"line":393,"column":2},"end":{"line":393,"column":78}},"97":{"start":{"line":396,"column":25},"end":{"line":399,"column":1}},"98":{"start":{"line":397,"column":14},"end":{"line":397,"column":60}},"99":{"start":{"line":398,"column":2},"end":{"line":398,"column":46}},"100":{"start":{"line":401,"column":25},"end":{"line":406,"column":1}},"101":{"start":{"line":402,"column":15},"end":{"line":402,"column":41}},"102":{"start":{"line":403,"column":2},"end":{"line":403,"column":25}},"103":{"start":{"line":403,"column":13},"end":{"line":403,"column":25}},"104":{"start":{"line":404,"column":16},"end":{"line":404,"column":34}},"105":{"start":{"line":405,"column":2},"end":{"line":405,"column":181}},"106":{"start":{"line":408,"column":24},"end":{"line":415,"column":1}},"107":{"start":{"line":409,"column":16},"end":{"line":409,"column":38}},"108":{"start":{"line":410,"column":15},"end":{"line":410,"column":36}},"109":{"start":{"line":411,"column":2},"end":{"line":413,"column":3}},"110":{"start":{"line":412,"column":4},"end":{"line":412,"column":143}},"111":{"start":{"line":414,"column":2},"end":{"line":414,"column":102}},"112":{"start":{"line":417,"column":0},"end":{"line":422,"column":2}}},"fnMap":{"0":{"name":"(anonymous_0)","decl":{"start":{"line":41,"column":13},"end":{"line":41,"column":14}},"loc":{"start":{"line":41,"column":23},"end":{"line":44,"column":5}},"line":41},"1":{"name":"(anonymous_1)","decl":{"start":{"line":45,"column":15},"end":{"line":45,"column":16}},"loc":{"start":{"line":45,"column":21},"end":{"line":49,"column":5}},"line":45},"2":{"name":"(anonymous_2)","decl":{"start":{"line":74,"column":13},"end":{"line":74,"column":14}},"loc":{"start":{"line":74,"column":23},"end":{"line":74,"column":51}},"line":74},"3":{"name":"(anonymous_3)","decl":{"start":{"line":75,"column":15},"end":{"line":75,"column":16}},"loc":{"start":{"line":75,"column":21},"end":{"line":79,"column":5}},"line":75},"4":{"name":"(anonymous_4)","decl":{"start":{"line":111,"column":13},"end":{"line":111,"column":14}},"loc":{"start":{"line":111,"column":23},"end":{"line":114,"column":5}},"line":111},"5":{"name":"(anonymous_5)","decl":{"start":{"line":115,"column":15},"end":{"line":115,"column":16}},"loc":{"start":{"line":115,"column":21},"end":{"line":119,"column":5}},"line":115},"6":{"name":"(anonymous_6)","decl":{"start":{"line":153,"column":13},"end":{"line":153,"column":14}},"loc":{"start":{"line":153,"column":23},"end":{"line":156,"column":5}},"line":153},"7":{"name":"(anonymous_7)","decl":{"start":{"line":157,"column":15},"end":{"line":157,"column":16}},"loc":{"start":{"line":157,"column":21},"end":{"line":161,"column":5}},"line":157},"8":{"name":"(anonymous_8)","decl":{"start":{"line":195,"column":13},"end":{"line":195,"column":14}},"loc":{"start":{"line":195,"column":23},"end":{"line":198,"column":5}},"line":195},"9":{"name":"(anonymous_9)","decl":{"start":{"line":199,"column":15},"end":{"line":199,"column":16}},"loc":{"start":{"line":199,"column":21},"end":{"line":203,"column":5}},"line":199},"10":{"name":"(anonymous_10)","decl":{"start":{"line":237,"column":13},"end":{"line":237,"column":14}},"loc":{"start":{"line":237,"column":23},"end":{"line":240,"column":5}},"line":237},"11":{"name":"(anonymous_11)","decl":{"start":{"line":241,"column":15},"end":{"line":241,"column":16}},"loc":{"start":{"line":241,"column":21},"end":{"line":245,"column":5}},"line":241},"12":{"name":"(anonymous_12)","decl":{"start":{"line":258,"column":21},"end":{"line":258,"column":22}},"loc":{"start":{"line":258,"column":35},"end":{"line":258,"column":90}},"line":258},"13":{"name":"(anonymous_13)","decl":{"start":{"line":260,"column":30},"end":{"line":260,"column":31}},"loc":{"start":{"line":260,"column":44},"end":{"line":266,"column":1}},"line":260},"14":{"name":"(anonymous_14)","decl":{"start":{"line":268,"column":26},"end":{"line":268,"column":27}},"loc":{"start":{"line":268,"column":40},"end":{"line":303,"column":1}},"line":268},"15":{"name":"(anonymous_15)","decl":{"start":{"line":305,"column":27},"end":{"line":305,"column":28}},"loc":{"start":{"line":305,"column":33},"end":{"line":305,"column":66}},"line":305},"16":{"name":"(anonymous_16)","decl":{"start":{"line":307,"column":23},"end":{"line":307,"column":24}},"loc":{"start":{"line":307,"column":55},"end":{"line":356,"column":1}},"line":307},"17":{"name":"(anonymous_17)","decl":{"start":{"line":358,"column":25},"end":{"line":358,"column":26}},"loc":{"start":{"line":358,"column":47},"end":{"line":369,"column":1}},"line":358},"18":{"name":"(anonymous_18)","decl":{"start":{"line":371,"column":23},"end":{"line":371,"column":24}},"loc":{"start":{"line":371,"column":37},"end":{"line":377,"column":1}},"line":371},"19":{"name":"(anonymous_19)","decl":{"start":{"line":379,"column":24},"end":{"line":379,"column":25}},"loc":{"start":{"line":379,"column":58},"end":{"line":389,"column":1}},"line":379},"20":{"name":"(anonymous_20)","decl":{"start":{"line":391,"column":22},"end":{"line":391,"column":23}},"loc":{"start":{"line":391,"column":39},"end":{"line":394,"column":1}},"line":391},"21":{"name":"(anonymous_21)","decl":{"start":{"line":396,"column":25},"end":{"line":396,"column":26}},"loc":{"start":{"line":396,"column":42},"end":{"line":399,"column":1}},"line":396},"22":{"name":"(anonymous_22)","decl":{"start":{"line":401,"column":25},"end":{"line":401,"column":26}},"loc":{"start":{"line":401,"column":42},"end":{"line":406,"column":1}},"line":401},"23":{"name":"(anonymous_23)","decl":{"start":{"line":408,"column":24},"end":{"line":408,"column":25}},"loc":{"start":{"line":408,"column":38},"end":{"line":415,"column":1}},"line":408}},"branchMap":{"0":{"loc":{"start":{"line":42,"column":6},"end":{"line":42,"column":50}},"type":"if","locations":[{"start":{"line":42,"column":6},"end":{"line":42,"column":50}},{"start":{},"end":{}}],"line":42},"1":{"loc":{"start":{"line":74,"column":24},"end":{"line":74,"column":46}},"type":"binary-expr","locations":[{"start":{"line":74,"column":24},"end":{"line":74,"column":41}},{"start":{"line":74,"column":45},"end":{"line":74,"column":46}}],"line":74},"2":{"loc":{"start":{"line":112,"column":6},"end":{"line":112,"column":50}},"type":"if","locations":[{"start":{"line":112,"column":6},"end":{"line":112,"column":50}},{"start":{},"end":{}}],"line":112},"3":{"loc":{"start":{"line":154,"column":6},"end":{"line":154,"column":50}},"type":"if","locations":[{"start":{"line":154,"column":6},"end":{"line":154,"column":50}},{"start":{},"end":{}}],"line":154},"4":{"loc":{"start":{"line":196,"column":6},"end":{"line":196,"column":50}},"type":"if","locations":[{"start":{"line":196,"column":6},"end":{"line":196,"column":50}},{"start":{},"end":{}}],"line":196},"5":{"loc":{"start":{"line":238,"column":6},"end":{"line":238,"column":50}},"type":"if","locations":[{"start":{"line":238,"column":6},"end":{"line":238,"column":50}},{"start":{},"end":{}}],"line":238},"6":{"loc":{"start":{"line":258,"column":35},"end":{"line":258,"column":90}},"type":"binary-expr","locations":[{"start":{"line":258,"column":35},"end":{"line":258,"column":70}},{"start":{"line":258,"column":74},"end":{"line":258,"column":90}}],"line":258},"7":{"loc":{"start":{"line":262,"column":2},"end":{"line":262,"column":41}},"type":"if","locations":[{"start":{"line":262,"column":2},"end":{"line":262,"column":41}},{"start":{},"end":{}}],"line":262},"8":{"loc":{"start":{"line":275,"column":14},"end":{"line":275,"column":85}},"type":"cond-expr","locations":[{"start":{"line":275,"column":37},"end":{"line":275,"column":69}},{"start":{"line":275,"column":72},"end":{"line":275,"column":85}}],"line":275},"9":{"loc":{"start":{"line":276,"column":19},"end":{"line":276,"column":81}},"type":"cond-expr","locations":[{"start":{"line":276,"column":42},"end":{"line":276,"column":69}},{"start":{"line":276,"column":72},"end":{"line":276,"column":81}}],"line":276},"10":{"loc":{"start":{"line":277,"column":23},"end":{"line":277,"column":51}},"type":"binary-expr","locations":[{"start":{"line":277,"column":23},"end":{"line":277,"column":46}},{"start":{"line":277,"column":50},"end":{"line":277,"column":51}}],"line":277},"11":{"loc":{"start":{"line":278,"column":22},"end":{"line":280,"column":15}},"type":"cond-expr","locations":[{"start":{"line":279,"column":8},"end":{"line":279,"column":38}},{"start":{"line":280,"column":8},"end":{"line":280,"column":15}}],"line":278},"12":{"loc":{"start":{"line":278,"column":22},"end":{"line":278,"column":76}},"type":"binary-expr","locations":[{"start":{"line":278,"column":22},"end":{"line":278,"column":45}},{"start":{"line":278,"column":49},"end":{"line":278,"column":76}}],"line":278},"13":{"loc":{"start":{"line":284,"column":15},"end":{"line":284,"column":35}},"type":"binary-expr","locations":[{"start":{"line":284,"column":15},"end":{"line":284,"column":30}},{"start":{"line":284,"column":34},"end":{"line":284,"column":35}}],"line":284},"14":{"loc":{"start":{"line":292,"column":13},"end":{"line":292,"column":41}},"type":"binary-expr","locations":[{"start":{"line":292,"column":13},"end":{"line":292,"column":36}},{"start":{"line":292,"column":40},"end":{"line":292,"column":41}}],"line":292},"15":{"loc":{"start":{"line":293,"column":16},"end":{"line":293,"column":47}},"type":"binary-expr","locations":[{"start":{"line":293,"column":16},"end":{"line":293,"column":42}},{"start":{"line":293,"column":46},"end":{"line":293,"column":47}}],"line":293},"16":{"loc":{"start":{"line":294,"column":17},"end":{"line":294,"column":49}},"type":"binary-expr","locations":[{"start":{"line":294,"column":17},"end":{"line":294,"column":44}},{"start":{"line":294,"column":48},"end":{"line":294,"column":49}}],"line":294},"17":{"loc":{"start":{"line":309,"column":2},"end":{"line":309,"column":67}},"type":"if","locations":[{"start":{"line":309,"column":2},"end":{"line":309,"column":67}},{"start":{},"end":{}}],"line":309},"18":{"loc":{"start":{"line":310,"column":2},"end":{"line":310,"column":114}},"type":"if","locations":[{"start":{"line":310,"column":2},"end":{"line":310,"column":114}},{"start":{},"end":{}}],"line":310},"19":{"loc":{"start":{"line":310,"column":6},"end":{"line":310,"column":55}},"type":"binary-expr","locations":[{"start":{"line":310,"column":6},"end":{"line":310,"column":22}},{"start":{"line":310,"column":26},"end":{"line":310,"column":55}}],"line":310},"20":{"loc":{"start":{"line":311,"column":2},"end":{"line":311,"column":144}},"type":"if","locations":[{"start":{"line":311,"column":2},"end":{"line":311,"column":144}},{"start":{},"end":{}}],"line":311},"21":{"loc":{"start":{"line":311,"column":6},"end":{"line":311,"column":51}},"type":"binary-expr","locations":[{"start":{"line":311,"column":6},"end":{"line":311,"column":20}},{"start":{"line":311,"column":24},"end":{"line":311,"column":51}}],"line":311},"22":{"loc":{"start":{"line":314,"column":2},"end":{"line":351,"column":3}},"type":"if","locations":[{"start":{"line":314,"column":2},"end":{"line":351,"column":3}},{"start":{},"end":{}}],"line":314},"23":{"loc":{"start":{"line":315,"column":4},"end":{"line":350,"column":5}},"type":"if","locations":[{"start":{"line":315,"column":4},"end":{"line":350,"column":5}},{"start":{"line":347,"column":11},"end":{"line":350,"column":5}}],"line":315},"24":{"loc":{"start":{"line":327,"column":8},"end":{"line":330,"column":9}},"type":"if","locations":[{"start":{"line":327,"column":8},"end":{"line":330,"column":9}},{"start":{},"end":{}}],"line":327},"25":{"loc":{"start":{"line":335,"column":8},"end":{"line":345,"column":9}},"type":"if","locations":[{"start":{"line":335,"column":8},"end":{"line":345,"column":9}},{"start":{"line":341,"column":15},"end":{"line":345,"column":9}}],"line":335},"26":{"loc":{"start":{"line":335,"column":12},"end":{"line":335,"column":69}},"type":"binary-expr","locations":[{"start":{"line":335,"column":12},"end":{"line":335,"column":35}},{"start":{"line":335,"column":39},"end":{"line":335,"column":69}}],"line":335},"27":{"loc":{"start":{"line":338,"column":10},"end":{"line":340,"column":11}},"type":"if","locations":[{"start":{"line":338,"column":10},"end":{"line":340,"column":11}},{"start":{},"end":{}}],"line":338},"28":{"loc":{"start":{"line":349,"column":6},"end":{"line":349,"column":109}},"type":"if","locations":[{"start":{"line":349,"column":6},"end":{"line":349,"column":109}},{"start":{},"end":{}}],"line":349},"29":{"loc":{"start":{"line":360,"column":2},"end":{"line":360,"column":47}},"type":"if","locations":[{"start":{"line":360,"column":2},"end":{"line":360,"column":47}},{"start":{},"end":{}}],"line":360},"30":{"loc":{"start":{"line":360,"column":6},"end":{"line":360,"column":38}},"type":"binary-expr","locations":[{"start":{"line":360,"column":6},"end":{"line":360,"column":12}},{"start":{"line":360,"column":16},"end":{"line":360,"column":38}}],"line":360},"31":{"loc":{"start":{"line":366,"column":2},"end":{"line":368,"column":3}},"type":"if","locations":[{"start":{"line":366,"column":2},"end":{"line":368,"column":3}},{"start":{},"end":{}}],"line":366},"32":{"loc":{"start":{"line":373,"column":2},"end":{"line":373,"column":36}},"type":"if","locations":[{"start":{"line":373,"column":2},"end":{"line":373,"column":36}},{"start":{},"end":{}}],"line":373},"33":{"loc":{"start":{"line":393,"column":9},"end":{"line":393,"column":77}},"type":"cond-expr","locations":[{"start":{"line":393,"column":51},"end":{"line":393,"column":70}},{"start":{"line":393,"column":73},"end":{"line":393,"column":77}}],"line":393},"34":{"loc":{"start":{"line":393,"column":9},"end":{"line":393,"column":48}},"type":"binary-expr","locations":[{"start":{"line":393,"column":9},"end":{"line":393,"column":17}},{"start":{"line":393,"column":21},"end":{"line":393,"column":48}}],"line":393},"35":{"loc":{"start":{"line":398,"column":9},"end":{"line":398,"column":45}},"type":"cond-expr","locations":[{"start":{"line":398,"column":19},"end":{"line":398,"column":38}},{"start":{"line":398,"column":41},"end":{"line":398,"column":45}}],"line":398},"36":{"loc":{"start":{"line":403,"column":2},"end":{"line":403,"column":25}},"type":"if","locations":[{"start":{"line":403,"column":2},"end":{"line":403,"column":25}},{"start":{},"end":{}}],"line":403},"37":{"loc":{"start":{"line":411,"column":2},"end":{"line":413,"column":3}},"type":"if","locations":[{"start":{"line":411,"column":2},"end":{"line":413,"column":3}},{"start":{},"end":{}}],"line":411},"38":{"loc":{"start":{"line":411,"column":6},"end":{"line":411,"column":28}},"type":"binary-expr","locations":[{"start":{"line":411,"column":6},"end":{"line":411,"column":16}},{"start":{"line":411,"column":20},"end":{"line":411,"column":28}}],"line":411}},"s":{"0":1,"1":0,"2":0,"3":0,"4":0,"5":0,"6":0,"7":0,"8":0,"9":0,"10":0,"11":0,"12":0,"13":0,"14":0,"15":0,"16":0,"17":0,"18":0,"19":0,"20":0,"21":0,"22":0,"23":0,"24":0,"25":0,"26":0,"27":0,"28":0,"29":0,"30":0,"31":0,"32":0,"33":0,"34":0,"35":1,"36":1,"37":1,"38":0,"39":1,"40":0,"41":0,"42":0,"43":0,"44":0,"45":0,"46":1,"47":0,"48":0,"49":1,"50":0,"51":1,"52":0,"53":0,"54":0,"55":0,"56":0,"57":0,"58":0,"59":0,"60":0,"61":0,"62":0,"63":0,"64":0,"65":0,"66":0,"67":0,"68":0,"69":0,"70":0,"71":0,"72":0,"73":0,"74":0,"75":0,"76":1,"77":0,"78":0,"79":0,"80":0,"81":0,"82":1,"83":0,"84":0,"85":0,"86":0,"87":0,"88":0,"89":1,"90":0,"91":0,"92":0,"93":0,"94":1,"95":3,"96":3,"97":1,"98":2,"99":2,"100":1,"101":0,"102":0,"103":0,"104":0,"105":0,"106":1,"107":0,"108":0,"109":0,"110":0,"111":0,"112":1},"f":{"0":0,"1":0,"2":0,"3":0,"4":0,"5":0,"6":0,"7":0,"8":0,"9":0,"10":0,"11":0,"12":0,"13":0,"14":0,"15":0,"16":0,"17":0,"18":0,"19":0,"20":3,"21":2,"22":0,"23":0},"b":{"0":[0,0],"1":[0,0],"2":[0,0],"3":[0,0],"4":[0,0],"5":[0,0],"6":[0,0],"7":[0,0],"8":[0,0],"9":[0,0],"10":[0,0],"11":[0,0],"12":[0,0],"13":[0,0],"14":[0,0],"15":[0,0],"16":[0,0],"17":[0,0],"18":[0,0],"19":[0,0],"20":[0,0],"21":[0,0],"22":[0,0],"23":[0,0],"24":[0,0],"25":[0,0],"26":[0,0],"27":[0,0],"28":[0,0],"29":[0,0],"30":[0,0],"31":[0,0],"32":[0,0],"33":[1,2],"34":[3,2],"35":[1,1],"36":[0,0],"37":[0,0],"38":[0,0]},"_coverageSchema":"1a1c01bbd47fc00a2c39e90264f33305004495a9","hash":"5b1c159bf7cd174bd8ba62bca55df51f66c9dccd"}
,"C:\\Users\\laksh\\GITHUB\\1hub_rep2\\G48A\\server\\src\\controllers\\ordersController.js": {"path":"C:\\Users\\laksh\\GITHUB\\1hub_rep2\\G48A\\server\\src\\controllers\\ordersController.js","statementMap":{"0":{"start":{"line":1,"column":36},"end":{"line":1,"column":65}},"1":{"start":{"line":2,"column":15},"end":{"line":2,"column":41}},"2":{"start":{"line":3,"column":24},"end":{"line":3,"column":62}},"3":{"start":{"line":9,"column":0},"end":{"line":31,"column":2}},"4":{"start":{"line":10,"column":17},"end":{"line":10,"column":35}},"5":{"start":{"line":11,"column":2},"end":{"line":11,"column":81}},"6":{"start":{"line":11,"column":15},"end":{"line":11,"column":81}},"7":{"start":{"line":13,"column":18},"end":{"line":13,"column":65}},"8":{"start":{"line":14,"column":15},"end":{"line":14,"column":56}},"9":{"start":{"line":16,"column":2},"end":{"line":30,"column":3}},"10":{"start":{"line":17,"column":19},"end":{"line":25,"column":5}},"11":{"start":{"line":26,"column":4},"end":{"line":26,"column":53}},"12":{"start":{"line":28,"column":4},"end":{"line":28,"column":46}},"13":{"start":{"line":29,"column":4},"end":{"line":29,"column":62}},"14":{"start":{"line":37,"column":0},"end":{"line":107,"column":2}},"15":{"start":{"line":38,"column":17},"end":{"line":38,"column":35}},"16":{"start":{"line":39,"column":2},"end":{"line":39,"column":81}},"17":{"start":{"line":39,"column":15},"end":{"line":39,"column":81}},"18":{"start":{"line":41,"column":58},"end":{"line":41,"column":66}},"19":{"start":{"line":43,"column":2},"end":{"line":45,"column":3}},"20":{"start":{"line":44,"column":4},"end":{"line":44,"column":84}},"21":{"start":{"line":47,"column":2},"end":{"line":106,"column":3}},"22":{"start":{"line":49,"column":26},"end":{"line":52,"column":5}},"23":{"start":{"line":53,"column":4},"end":{"line":55,"column":5}},"24":{"start":{"line":54,"column":6},"end":{"line":54,"column":81}},"25":{"start":{"line":57,"column":20},"end":{"line":57,"column":41}},"26":{"start":{"line":58,"column":16},"end":{"line":58,"column":56}},"27":{"start":{"line":59,"column":24},"end":{"line":59,"column":55}},"28":{"start":{"line":62,"column":22},"end":{"line":69,"column":5}},"29":{"start":{"line":70,"column":23},"end":{"line":70,"column":56}},"30":{"start":{"line":74,"column":27},"end":{"line":74,"column":32}},"31":{"start":{"line":75,"column":23},"end":{"line":75,"column":87}},"32":{"start":{"line":76,"column":24},"end":{"line":76,"column":46}},"33":{"start":{"line":77,"column":21},"end":{"line":77,"column":40}},"34":{"start":{"line":78,"column":25},"end":{"line":78,"column":48}},"35":{"start":{"line":81,"column":22},"end":{"line":81,"column":81}},"36":{"start":{"line":82,"column":19},"end":{"line":82,"column":41}},"37":{"start":{"line":83,"column":24},"end":{"line":83,"column":92}},"38":{"start":{"line":85,"column":19},"end":{"line":90,"column":5}},"39":{"start":{"line":93,"column":4},"end":{"line":100,"column":93}},"40":{"start":{"line":100,"column":26},"end":{"line":100,"column":91}},"41":{"start":{"line":102,"column":4},"end":{"line":102,"column":67}},"42":{"start":{"line":104,"column":4},"end":{"line":104,"column":48}},"43":{"start":{"line":105,"column":4},"end":{"line":105,"column":62}},"44":{"start":{"line":113,"column":0},"end":{"line":145,"column":2}},"45":{"start":{"line":114,"column":17},"end":{"line":114,"column":35}},"46":{"start":{"line":115,"column":2},"end":{"line":115,"column":81}},"47":{"start":{"line":115,"column":15},"end":{"line":115,"column":81}},"48":{"start":{"line":117,"column":2},"end":{"line":144,"column":3}},"49":{"start":{"line":118,"column":19},"end":{"line":129,"column":5}},"50":{"start":{"line":131,"column":4},"end":{"line":133,"column":5}},"51":{"start":{"line":132,"column":6},"end":{"line":132,"column":64}},"52":{"start":{"line":135,"column":18},"end":{"line":135,"column":32}},"53":{"start":{"line":136,"column":4},"end":{"line":138,"column":5}},"54":{"start":{"line":137,"column":6},"end":{"line":137,"column":62}},"55":{"start":{"line":140,"column":4},"end":{"line":140,"column":39}},"56":{"start":{"line":142,"column":4},"end":{"line":142,"column":49}},"57":{"start":{"line":143,"column":4},"end":{"line":143,"column":61}},"58":{"start":{"line":151,"column":0},"end":{"line":186,"column":2}},"59":{"start":{"line":152,"column":17},"end":{"line":152,"column":35}},"60":{"start":{"line":153,"column":2},"end":{"line":153,"column":81}},"61":{"start":{"line":153,"column":15},"end":{"line":153,"column":81}},"62":{"start":{"line":155,"column":21},"end":{"line":155,"column":29}},"63":{"start":{"line":156,"column":24},"end":{"line":156,"column":107}},"64":{"start":{"line":158,"column":2},"end":{"line":160,"column":3}},"65":{"start":{"line":159,"column":4},"end":{"line":159,"column":97}},"66":{"start":{"line":162,"column":2},"end":{"line":185,"column":3}},"67":{"start":{"line":163,"column":19},"end":{"line":168,"column":5}},"68":{"start":{"line":170,"column":4},"end":{"line":172,"column":5}},"69":{"start":{"line":171,"column":6},"end":{"line":171,"column":64}},"70":{"start":{"line":175,"column":4},"end":{"line":179,"column":6}},"71":{"start":{"line":181,"column":4},"end":{"line":181,"column":55}},"72":{"start":{"line":183,"column":4},"end":{"line":183,"column":54}},"73":{"start":{"line":184,"column":4},"end":{"line":184,"column":69}},"74":{"start":{"line":192,"column":0},"end":{"line":227,"column":2}},"75":{"start":{"line":193,"column":17},"end":{"line":193,"column":35}},"76":{"start":{"line":194,"column":2},"end":{"line":194,"column":81}},"77":{"start":{"line":194,"column":15},"end":{"line":194,"column":81}},"78":{"start":{"line":196,"column":2},"end":{"line":226,"column":3}},"79":{"start":{"line":197,"column":24},"end":{"line":200,"column":5}},"80":{"start":{"line":202,"column":4},"end":{"line":204,"column":5}},"81":{"start":{"line":203,"column":6},"end":{"line":203,"column":64}},"82":{"start":{"line":206,"column":18},"end":{"line":206,"column":37}},"83":{"start":{"line":207,"column":4},"end":{"line":209,"column":5}},"84":{"start":{"line":208,"column":6},"end":{"line":208,"column":83}},"85":{"start":{"line":211,"column":4},"end":{"line":213,"column":5}},"86":{"start":{"line":212,"column":6},"end":{"line":212,"column":95}},"87":{"start":{"line":215,"column":19},"end":{"line":220,"column":5}},"88":{"start":{"line":222,"column":4},"end":{"line":222,"column":55}},"89":{"start":{"line":224,"column":4},"end":{"line":224,"column":48}},"90":{"start":{"line":225,"column":4},"end":{"line":225,"column":62}}},"fnMap":{"0":{"name":"(anonymous_0)","decl":{"start":{"line":9,"column":15},"end":{"line":9,"column":16}},"loc":{"start":{"line":9,"column":35},"end":{"line":31,"column":1}},"line":9},"1":{"name":"(anonymous_1)","decl":{"start":{"line":37,"column":17},"end":{"line":37,"column":18}},"loc":{"start":{"line":37,"column":37},"end":{"line":107,"column":1}},"line":37},"2":{"name":"(anonymous_2)","decl":{"start":{"line":100,"column":13},"end":{"line":100,"column":14}},"loc":{"start":{"line":100,"column":26},"end":{"line":100,"column":91}},"line":100},"3":{"name":"(anonymous_3)","decl":{"start":{"line":113,"column":18},"end":{"line":113,"column":19}},"loc":{"start":{"line":113,"column":38},"end":{"line":145,"column":1}},"line":113},"4":{"name":"(anonymous_4)","decl":{"start":{"line":151,"column":23},"end":{"line":151,"column":24}},"loc":{"start":{"line":151,"column":43},"end":{"line":186,"column":1}},"line":151},"5":{"name":"(anonymous_5)","decl":{"start":{"line":192,"column":17},"end":{"line":192,"column":18}},"loc":{"start":{"line":192,"column":37},"end":{"line":227,"column":1}},"line":192}},"branchMap":{"0":{"loc":{"start":{"line":11,"column":2},"end":{"line":11,"column":81}},"type":"if","locations":[{"start":{"line":11,"column":2},"end":{"line":11,"column":81}},{"start":{},"end":{}}],"line":11},"1":{"loc":{"start":{"line":13,"column":25},"end":{"line":13,"column":50}},"type":"binary-expr","locations":[{"start":{"line":13,"column":25},"end":{"line":13,"column":39}},{"start":{"line":13,"column":43},"end":{"line":13,"column":50}}],"line":13},"2":{"loc":{"start":{"line":14,"column":15},"end":{"line":14,"column":56}},"type":"cond-expr","locations":[{"start":{"line":14,"column":38},"end":{"line":14,"column":46}},{"start":{"line":14,"column":49},"end":{"line":14,"column":56}}],"line":14},"3":{"loc":{"start":{"line":21,"column":17},"end":{"line":21,"column":61}},"type":"cond-expr","locations":[{"start":{"line":21,"column":37},"end":{"line":21,"column":48}},{"start":{"line":21,"column":51},"end":{"line":21,"column":61}}],"line":21},"4":{"loc":{"start":{"line":39,"column":2},"end":{"line":39,"column":81}},"type":"if","locations":[{"start":{"line":39,"column":2},"end":{"line":39,"column":81}},{"start":{},"end":{}}],"line":39},"5":{"loc":{"start":{"line":43,"column":2},"end":{"line":45,"column":3}},"type":"if","locations":[{"start":{"line":43,"column":2},"end":{"line":45,"column":3}},{"start":{},"end":{}}],"line":43},"6":{"loc":{"start":{"line":43,"column":6},"end":{"line":43,"column":31}},"type":"binary-expr","locations":[{"start":{"line":43,"column":6},"end":{"line":43,"column":17}},{"start":{"line":43,"column":21},"end":{"line":43,"column":31}}],"line":43},"7":{"loc":{"start":{"line":53,"column":4},"end":{"line":55,"column":5}},"type":"if","locations":[{"start":{"line":53,"column":4},"end":{"line":55,"column":5}},{"start":{},"end":{}}],"line":53},"8":{"loc":{"start":{"line":58,"column":28},"end":{"line":58,"column":55}},"type":"binary-expr","locations":[{"start":{"line":58,"column":28},"end":{"line":58,"column":50}},{"start":{"line":58,"column":54},"end":{"line":58,"column":55}}],"line":58},"9":{"loc":{"start":{"line":70,"column":23},"end":{"line":70,"column":56}},"type":"binary-expr","locations":[{"start":{"line":70,"column":23},"end":{"line":70,"column":46}},{"start":{"line":70,"column":50},"end":{"line":70,"column":56}}],"line":70},"10":{"loc":{"start":{"line":89,"column":51},"end":{"line":89,"column":69}},"type":"binary-expr","locations":[{"start":{"line":89,"column":51},"end":{"line":89,"column":61}},{"start":{"line":89,"column":65},"end":{"line":89,"column":69}}],"line":89},"11":{"loc":{"start":{"line":115,"column":2},"end":{"line":115,"column":81}},"type":"if","locations":[{"start":{"line":115,"column":2},"end":{"line":115,"column":81}},{"start":{},"end":{}}],"line":115},"12":{"loc":{"start":{"line":131,"column":4},"end":{"line":133,"column":5}},"type":"if","locations":[{"start":{"line":131,"column":4},"end":{"line":133,"column":5}},{"start":{},"end":{}}],"line":131},"13":{"loc":{"start":{"line":136,"column":4},"end":{"line":138,"column":5}},"type":"if","locations":[{"start":{"line":136,"column":4},"end":{"line":138,"column":5}},{"start":{},"end":{}}],"line":136},"14":{"loc":{"start":{"line":136,"column":8},"end":{"line":136,"column":79}},"type":"binary-expr","locations":[{"start":{"line":136,"column":8},"end":{"line":136,"column":41}},{"start":{"line":136,"column":45},"end":{"line":136,"column":79}}],"line":136},"15":{"loc":{"start":{"line":153,"column":2},"end":{"line":153,"column":81}},"type":"if","locations":[{"start":{"line":153,"column":2},"end":{"line":153,"column":81}},{"start":{},"end":{}}],"line":153},"16":{"loc":{"start":{"line":158,"column":2},"end":{"line":160,"column":3}},"type":"if","locations":[{"start":{"line":158,"column":2},"end":{"line":160,"column":3}},{"start":{},"end":{}}],"line":158},"17":{"loc":{"start":{"line":158,"column":6},"end":{"line":158,"column":48}},"type":"binary-expr","locations":[{"start":{"line":158,"column":6},"end":{"line":158,"column":13}},{"start":{"line":158,"column":17},"end":{"line":158,"column":48}}],"line":158},"18":{"loc":{"start":{"line":170,"column":4},"end":{"line":172,"column":5}},"type":"if","locations":[{"start":{"line":170,"column":4},"end":{"line":172,"column":5}},{"start":{},"end":{}}],"line":170},"19":{"loc":{"start":{"line":194,"column":2},"end":{"line":194,"column":81}},"type":"if","locations":[{"start":{"line":194,"column":2},"end":{"line":194,"column":81}},{"start":{},"end":{}}],"line":194},"20":{"loc":{"start":{"line":202,"column":4},"end":{"line":204,"column":5}},"type":"if","locations":[{"start":{"line":202,"column":4},"end":{"line":204,"column":5}},{"start":{},"end":{}}],"line":202},"21":{"loc":{"start":{"line":207,"column":4},"end":{"line":209,"column":5}},"type":"if","locations":[{"start":{"line":207,"column":4},"end":{"line":209,"column":5}},{"start":{},"end":{}}],"line":207},"22":{"loc":{"start":{"line":211,"column":4},"end":{"line":213,"column":5}},"type":"if","locations":[{"start":{"line":211,"column":4},"end":{"line":213,"column":5}},{"start":{},"end":{}}],"line":211}},"s":{"0":1,"1":1,"2":1,"3":1,"4":17,"5":17,"6":1,"7":16,"8":16,"9":16,"10":16,"11":16,"12":0,"13":0,"14":1,"15":1,"16":1,"17":1,"18":0,"19":0,"20":0,"21":0,"22":0,"23":0,"24":0,"25":0,"26":0,"27":0,"28":0,"29":0,"30":0,"31":0,"32":0,"33":0,"34":0,"35":0,"36":0,"37":0,"38":0,"39":0,"40":0,"41":0,"42":0,"43":0,"44":1,"45":0,"46":0,"47":0,"48":0,"49":0,"50":0,"51":0,"52":0,"53":0,"54":0,"55":0,"56":0,"57":0,"58":1,"59":0,"60":0,"61":0,"62":0,"63":0,"64":0,"65":0,"66":0,"67":0,"68":0,"69":0,"70":0,"71":0,"72":0,"73":0,"74":1,"75":0,"76":0,"77":0,"78":0,"79":0,"80":0,"81":0,"82":0,"83":0,"84":0,"85":0,"86":0,"87":0,"88":0,"89":0,"90":0},"f":{"0":17,"1":1,"2":0,"3":0,"4":0,"5":0},"b":{"0":[1,16],"1":[16,1],"2":[1,15],"3":[1,15],"4":[1,0],"5":[0,0],"6":[0,0],"7":[0,0],"8":[0,0],"9":[0,0],"10":[0,0],"11":[0,0],"12":[0,0],"13":[0,0],"14":[0,0],"15":[0,0],"16":[0,0],"17":[0,0],"18":[0,0],"19":[0,0],"20":[0,0],"21":[0,0],"22":[0,0]},"_coverageSchema":"1a1c01bbd47fc00a2c39e90264f33305004495a9","hash":"f1d09c3befa0f835926d76059e28343931175e0e"}
,"C:\\Users\\laksh\\GITHUB\\1hub_rep2\\G48A\\server\\src\\middleware\\rateLimiter.js": {"path":"C:\\Users\\laksh\\GITHUB\\1hub_rep2\\G48A\\server\\src\\middleware\\rateLimiter.js","statementMap":{"0":{"start":{"line":7,"column":18},"end":{"line":7,"column":47}},"1":{"start":{"line":8,"column":17},"end":{"line":8,"column":45}},"2":{"start":{"line":9,"column":21},"end":{"line":9,"column":54}},"3":{"start":{"line":15,"column":8},"end":{"line":15,"column":29}},"4":{"start":{"line":19,"column":8},"end":{"line":19,"column":38}},"5":{"start":{"line":23,"column":18},"end":{"line":23,"column":32}},"6":{"start":{"line":24,"column":22},"end":{"line":24,"column":48}},"7":{"start":{"line":26,"column":8},"end":{"line":28,"column":9}},"8":{"start":{"line":27,"column":12},"end":{"line":27,"column":46}},"9":{"start":{"line":29,"column":8},"end":{"line":29,"column":58}},"10":{"start":{"line":34,"column":18},"end":{"line":34,"column":32}},"11":{"start":{"line":35,"column":24},"end":{"line":35,"column":49}},"12":{"start":{"line":36,"column":8},"end":{"line":38,"column":9}},"13":{"start":{"line":37,"column":12},"end":{"line":37,"column":64}},"14":{"start":{"line":42,"column":8},"end":{"line":42,"column":47}},"15":{"start":{"line":47,"column":4},"end":{"line":49,"column":5}},"16":{"start":{"line":48,"column":8},"end":{"line":48,"column":47}},"17":{"start":{"line":50,"column":4},"end":{"line":50,"column":21}},"18":{"start":{"line":53,"column":29},"end":{"line":53,"column":43}},"19":{"start":{"line":54,"column":39},"end":{"line":54,"column":48}},"20":{"start":{"line":55,"column":37},"end":{"line":55,"column":40}},"21":{"start":{"line":60,"column":4},"end":{"line":60,"column":95}},"22":{"start":{"line":64,"column":22},"end":{"line":64,"column":31}},"23":{"start":{"line":67,"column":31},"end":{"line":75,"column":34}},"24":{"start":{"line":68,"column":16},"end":{"line":68,"column":26}},"25":{"start":{"line":69,"column":4},"end":{"line":74,"column":5}},"26":{"start":{"line":70,"column":27},"end":{"line":70,"column":96}},"27":{"start":{"line":71,"column":8},"end":{"line":73,"column":9}},"28":{"start":{"line":72,"column":12},"end":{"line":72,"column":38}},"29":{"start":{"line":77,"column":0},"end":{"line":79,"column":1}},"30":{"start":{"line":78,"column":4},"end":{"line":78,"column":35}},"31":{"start":{"line":82,"column":19},"end":{"line":100,"column":2}},"32":{"start":{"line":94,"column":8},"end":{"line":94,"column":62}},"33":{"start":{"line":98,"column":8},"end":{"line":98,"column":68}},"34":{"start":{"line":103,"column":20},"end":{"line":114,"column":2}},"35":{"start":{"line":117,"column":22},"end":{"line":126,"column":2}},"36":{"start":{"line":129,"column":20},"end":{"line":138,"column":2}},"37":{"start":{"line":141,"column":23},"end":{"line":146,"column":2}},"38":{"start":{"line":144,"column":23},"end":{"line":144,"column":33}},"39":{"start":{"line":149,"column":27},"end":{"line":154,"column":2}},"40":{"start":{"line":152,"column":23},"end":{"line":152,"column":50}},"41":{"start":{"line":159,"column":22},"end":{"line":165,"column":2}},"42":{"start":{"line":162,"column":23},"end":{"line":162,"column":56}},"43":{"start":{"line":168,"column":22},"end":{"line":177,"column":2}},"44":{"start":{"line":182,"column":34},"end":{"line":231,"column":1}},"45":{"start":{"line":183,"column":15},"end":{"line":183,"column":35}},"46":{"start":{"line":184,"column":16},"end":{"line":184,"column":26}},"47":{"start":{"line":185,"column":16},"end":{"line":185,"column":34}},"48":{"start":{"line":188,"column":4},"end":{"line":197,"column":5}},"49":{"start":{"line":189,"column":8},"end":{"line":196,"column":29}},"50":{"start":{"line":191,"column":16},"end":{"line":193,"column":17}},"51":{"start":{"line":192,"column":20},"end":{"line":192,"column":92}},"52":{"start":{"line":200,"column":4},"end":{"line":228,"column":5}},"53":{"start":{"line":201,"column":8},"end":{"line":207,"column":11}},"54":{"start":{"line":209,"column":21},"end":{"line":209,"column":42}},"55":{"start":{"line":211,"column":30},"end":{"line":213,"column":70}},"56":{"start":{"line":215,"column":8},"end":{"line":219,"column":9}},"57":{"start":{"line":216,"column":12},"end":{"line":216,"column":27}},"58":{"start":{"line":217,"column":12},"end":{"line":217,"column":37}},"59":{"start":{"line":218,"column":12},"end":{"line":218,"column":33}},"60":{"start":{"line":221,"column":8},"end":{"line":221,"column":24}},"61":{"start":{"line":222,"column":8},"end":{"line":222,"column":30}},"62":{"start":{"line":224,"column":8},"end":{"line":227,"column":9}},"63":{"start":{"line":225,"column":12},"end":{"line":225,"column":32}},"64":{"start":{"line":226,"column":12},"end":{"line":226,"column":83}},"65":{"start":{"line":230,"column":4},"end":{"line":230,"column":11}},"66":{"start":{"line":234,"column":27},"end":{"line":250,"column":2}},"67":{"start":{"line":247,"column":23},"end":{"line":247,"column":76}},"68":{"start":{"line":248,"column":8},"end":{"line":248,"column":64}},"69":{"start":{"line":253,"column":21},"end":{"line":268,"column":2}},"70":{"start":{"line":265,"column":23},"end":{"line":265,"column":76}},"71":{"start":{"line":266,"column":8},"end":{"line":266,"column":64}},"72":{"start":{"line":271,"column":28},"end":{"line":286,"column":2}},"73":{"start":{"line":283,"column":23},"end":{"line":283,"column":76}},"74":{"start":{"line":284,"column":8},"end":{"line":284,"column":64}},"75":{"start":{"line":289,"column":21},"end":{"line":304,"column":2}},"76":{"start":{"line":301,"column":23},"end":{"line":301,"column":76}},"77":{"start":{"line":302,"column":8},"end":{"line":302,"column":65}},"78":{"start":{"line":307,"column":23},"end":{"line":314,"column":2}},"79":{"start":{"line":316,"column":0},"end":{"line":331,"column":2}}},"fnMap":{"0":{"name":"(anonymous_0)","decl":{"start":{"line":14,"column":4},"end":{"line":14,"column":5}},"loc":{"start":{"line":14,"column":32},"end":{"line":16,"column":5}},"line":14},"1":{"name":"(anonymous_1)","decl":{"start":{"line":18,"column":4},"end":{"line":18,"column":5}},"loc":{"start":{"line":18,"column":14},"end":{"line":20,"column":5}},"line":18},"2":{"name":"(anonymous_2)","decl":{"start":{"line":22,"column":4},"end":{"line":22,"column":5}},"loc":{"start":{"line":22,"column":25},"end":{"line":30,"column":5}},"line":22},"3":{"name":"(anonymous_3)","decl":{"start":{"line":32,"column":4},"end":{"line":32,"column":5}},"loc":{"start":{"line":32,"column":25},"end":{"line":39,"column":5}},"line":32},"4":{"name":"(anonymous_4)","decl":{"start":{"line":41,"column":4},"end":{"line":41,"column":5}},"loc":{"start":{"line":41,"column":24},"end":{"line":43,"column":5}},"line":41},"5":{"name":"buildStore","decl":{"start":{"line":46,"column":9},"end":{"line":46,"column":19}},"loc":{"start":{"line":46,"column":28},"end":{"line":51,"column":1}},"line":46},"6":{"name":"resolveClientIp","decl":{"start":{"line":57,"column":9},"end":{"line":57,"column":24}},"loc":{"start":{"line":57,"column":30},"end":{"line":61,"column":1}},"line":57},"7":{"name":"(anonymous_7)","decl":{"start":{"line":67,"column":43},"end":{"line":67,"column":44}},"loc":{"start":{"line":67,"column":49},"end":{"line":75,"column":1}},"line":67},"8":{"name":"(anonymous_8)","decl":{"start":{"line":93,"column":18},"end":{"line":93,"column":19}},"loc":{"start":{"line":93,"column":27},"end":{"line":95,"column":5}},"line":93},"9":{"name":"(anonymous_9)","decl":{"start":{"line":96,"column":10},"end":{"line":96,"column":11}},"loc":{"start":{"line":96,"column":19},"end":{"line":99,"column":5}},"line":96},"10":{"name":"(anonymous_10)","decl":{"start":{"line":144,"column":13},"end":{"line":144,"column":14}},"loc":{"start":{"line":144,"column":23},"end":{"line":144,"column":33}},"line":144},"11":{"name":"(anonymous_11)","decl":{"start":{"line":152,"column":13},"end":{"line":152,"column":14}},"loc":{"start":{"line":152,"column":23},"end":{"line":152,"column":50}},"line":152},"12":{"name":"(anonymous_12)","decl":{"start":{"line":162,"column":13},"end":{"line":162,"column":14}},"loc":{"start":{"line":162,"column":23},"end":{"line":162,"column":56}},"line":162},"13":{"name":"(anonymous_13)","decl":{"start":{"line":182,"column":34},"end":{"line":182,"column":35}},"loc":{"start":{"line":182,"column":54},"end":{"line":231,"column":1}},"line":182},"14":{"name":"(anonymous_14)","decl":{"start":{"line":190,"column":18},"end":{"line":190,"column":19}},"loc":{"start":{"line":190,"column":29},"end":{"line":194,"column":13}},"line":190},"15":{"name":"(anonymous_15)","decl":{"start":{"line":195,"column":19},"end":{"line":195,"column":20}},"loc":{"start":{"line":195,"column":25},"end":{"line":195,"column":81}},"line":195},"16":{"name":"(anonymous_16)","decl":{"start":{"line":196,"column":19},"end":{"line":196,"column":20}},"loc":{"start":{"line":196,"column":25},"end":{"line":196,"column":27}},"line":196},"17":{"name":"(anonymous_17)","decl":{"start":{"line":245,"column":18},"end":{"line":245,"column":19}},"loc":{"start":{"line":245,"column":27},"end":{"line":249,"column":5}},"line":245},"18":{"name":"(anonymous_18)","decl":{"start":{"line":264,"column":18},"end":{"line":264,"column":19}},"loc":{"start":{"line":264,"column":27},"end":{"line":267,"column":5}},"line":264},"19":{"name":"(anonymous_19)","decl":{"start":{"line":282,"column":18},"end":{"line":282,"column":19}},"loc":{"start":{"line":282,"column":27},"end":{"line":285,"column":5}},"line":282},"20":{"name":"(anonymous_20)","decl":{"start":{"line":300,"column":18},"end":{"line":300,"column":19}},"loc":{"start":{"line":300,"column":27},"end":{"line":303,"column":5}},"line":300}},"branchMap":{"0":{"loc":{"start":{"line":14,"column":16},"end":{"line":14,"column":30}},"type":"default-arg","locations":[{"start":{"line":14,"column":25},"end":{"line":14,"column":30}}],"line":14},"1":{"loc":{"start":{"line":26,"column":8},"end":{"line":28,"column":9}},"type":"if","locations":[{"start":{"line":26,"column":8},"end":{"line":28,"column":9}},{"start":{},"end":{}}],"line":26},"2":{"loc":{"start":{"line":36,"column":8},"end":{"line":38,"column":9}},"type":"if","locations":[{"start":{"line":36,"column":8},"end":{"line":38,"column":9}},{"start":{},"end":{}}],"line":36},"3":{"loc":{"start":{"line":36,"column":12},"end":{"line":36,"column":42}},"type":"binary-expr","locations":[{"start":{"line":36,"column":12},"end":{"line":36,"column":19}},{"start":{"line":36,"column":23},"end":{"line":36,"column":42}}],"line":36},"4":{"loc":{"start":{"line":47,"column":4},"end":{"line":49,"column":5}},"type":"if","locations":[{"start":{"line":47,"column":4},"end":{"line":49,"column":5}},{"start":{},"end":{}}],"line":47},"5":{"loc":{"start":{"line":60,"column":11},"end":{"line":60,"column":94}},"type":"binary-expr","locations":[{"start":{"line":60,"column":11},"end":{"line":60,"column":17}},{"start":{"line":60,"column":21},"end":{"line":60,"column":50}},{"start":{"line":60,"column":54},"end":{"line":60,"column":79}},{"start":{"line":60,"column":83},"end":{"line":60,"column":94}}],"line":60},"6":{"loc":{"start":{"line":70,"column":27},"end":{"line":70,"column":96}},"type":"cond-expr","locations":[{"start":{"line":70,"column":63},"end":{"line":70,"column":78}},{"start":{"line":70,"column":81},"end":{"line":70,"column":96}}],"line":70},"7":{"loc":{"start":{"line":71,"column":8},"end":{"line":73,"column":9}},"type":"if","locations":[{"start":{"line":71,"column":8},"end":{"line":73,"column":9}},{"start":{},"end":{}}],"line":71},"8":{"loc":{"start":{"line":71,"column":12},"end":{"line":71,"column":85}},"type":"binary-expr","locations":[{"start":{"line":71,"column":12},"end":{"line":71,"column":40}},{"start":{"line":71,"column":44},"end":{"line":71,"column":85}}],"line":71},"9":{"loc":{"start":{"line":77,"column":0},"end":{"line":79,"column":1}},"type":"if","locations":[{"start":{"line":77,"column":0},"end":{"line":79,"column":1}},{"start":{},"end":{}}],"line":77},"10":{"loc":{"start":{"line":98,"column":15},"end":{"line":98,"column":67}},"type":"binary-expr","locations":[{"start":{"line":98,"column":15},"end":{"line":98,"column":37}},{"start":{"line":98,"column":41},"end":{"line":98,"column":67}}],"line":98},"11":{"loc":{"start":{"line":188,"column":4},"end":{"line":197,"column":5}},"type":"if","locations":[{"start":{"line":188,"column":4},"end":{"line":197,"column":5}},{"start":{},"end":{}}],"line":188},"12":{"loc":{"start":{"line":191,"column":16},"end":{"line":193,"column":17}},"type":"if","locations":[{"start":{"line":191,"column":16},"end":{"line":193,"column":17}},{"start":{},"end":{}}],"line":191},"13":{"loc":{"start":{"line":200,"column":4},"end":{"line":228,"column":5}},"type":"if","locations":[{"start":{"line":200,"column":4},"end":{"line":228,"column":5}},{"start":{"line":208,"column":11},"end":{"line":228,"column":5}}],"line":200},"14":{"loc":{"start":{"line":211,"column":30},"end":{"line":213,"column":70}},"type":"cond-expr","locations":[{"start":{"line":212,"column":14},"end":{"line":212,"column":32}},{"start":{"line":213,"column":15},"end":{"line":213,"column":69}}],"line":211},"15":{"loc":{"start":{"line":213,"column":15},"end":{"line":213,"column":69}},"type":"cond-expr","locations":[{"start":{"line":213,"column":49},"end":{"line":213,"column":63}},{"start":{"line":213,"column":66},"end":{"line":213,"column":69}}],"line":213},"16":{"loc":{"start":{"line":215,"column":8},"end":{"line":219,"column":9}},"type":"if","locations":[{"start":{"line":215,"column":8},"end":{"line":219,"column":9}},{"start":{},"end":{}}],"line":215},"17":{"loc":{"start":{"line":224,"column":8},"end":{"line":227,"column":9}},"type":"if","locations":[{"start":{"line":224,"column":8},"end":{"line":227,"column":9}},{"start":{},"end":{}}],"line":224},"18":{"loc":{"start":{"line":224,"column":12},"end":{"line":224,"column":70}},"type":"binary-expr","locations":[{"start":{"line":224,"column":12},"end":{"line":224,"column":53}},{"start":{"line":224,"column":57},"end":{"line":224,"column":70}}],"line":224},"19":{"loc":{"start":{"line":247,"column":23},"end":{"line":247,"column":76}},"type":"binary-expr","locations":[{"start":{"line":247,"column":23},"end":{"line":247,"column":40}},{"start":{"line":247,"column":44},"end":{"line":247,"column":60}},{"start":{"line":247,"column":64},"end":{"line":247,"column":76}}],"line":247},"20":{"loc":{"start":{"line":248,"column":15},"end":{"line":248,"column":63}},"type":"cond-expr","locations":[{"start":{"line":248,"column":24},"end":{"line":248,"column":40}},{"start":{"line":248,"column":43},"end":{"line":248,"column":63}}],"line":248},"21":{"loc":{"start":{"line":265,"column":23},"end":{"line":265,"column":76}},"type":"binary-expr","locations":[{"start":{"line":265,"column":23},"end":{"line":265,"column":40}},{"start":{"line":265,"column":44},"end":{"line":265,"column":60}},{"start":{"line":265,"column":64},"end":{"line":265,"column":76}}],"line":265},"22":{"loc":{"start":{"line":266,"column":15},"end":{"line":266,"column":63}},"type":"cond-expr","locations":[{"start":{"line":266,"column":24},"end":{"line":266,"column":40}},{"start":{"line":266,"column":43},"end":{"line":266,"column":63}}],"line":266},"23":{"loc":{"start":{"line":283,"column":23},"end":{"line":283,"column":76}},"type":"binary-expr","locations":[{"start":{"line":283,"column":23},"end":{"line":283,"column":40}},{"start":{"line":283,"column":44},"end":{"line":283,"column":60}},{"start":{"line":283,"column":64},"end":{"line":283,"column":76}}],"line":283},"24":{"loc":{"start":{"line":284,"column":15},"end":{"line":284,"column":63}},"type":"cond-expr","locations":[{"start":{"line":284,"column":24},"end":{"line":284,"column":40}},{"start":{"line":284,"column":43},"end":{"line":284,"column":63}}],"line":284},"25":{"loc":{"start":{"line":301,"column":23},"end":{"line":301,"column":76}},"type":"binary-expr","locations":[{"start":{"line":301,"column":23},"end":{"line":301,"column":40}},{"start":{"line":301,"column":44},"end":{"line":301,"column":60}},{"start":{"line":301,"column":64},"end":{"line":301,"column":76}}],"line":301},"26":{"loc":{"start":{"line":302,"column":15},"end":{"line":302,"column":64}},"type":"cond-expr","locations":[{"start":{"line":302,"column":24},"end":{"line":302,"column":41}},{"start":{"line":302,"column":44},"end":{"line":302,"column":64}}],"line":302}},"s":{"0":1,"1":1,"2":1,"3":0,"4":0,"5":0,"6":0,"7":0,"8":0,"9":0,"10":0,"11":0,"12":0,"13":0,"14":0,"15":10,"16":0,"17":10,"18":1,"19":1,"20":1,"21":17,"22":1,"23":1,"24":0,"25":0,"26":0,"27":0,"28":0,"29":1,"30":1,"31":1,"32":0,"33":0,"34":1,"35":1,"36":1,"37":1,"38":0,"39":1,"40":0,"41":1,"42":0,"43":1,"44":1,"45":17,"46":17,"47":17,"48":17,"49":13,"50":11,"51":11,"52":17,"53":2,"54":15,"55":15,"56":15,"57":0,"58":0,"59":0,"60":15,"61":15,"62":15,"63":0,"64":0,"65":17,"66":1,"67":0,"68":0,"69":1,"70":0,"71":0,"72":1,"73":0,"74":0,"75":1,"76":0,"77":0,"78":1,"79":1},"f":{"0":0,"1":0,"2":0,"3":0,"4":0,"5":10,"6":17,"7":0,"8":0,"9":0,"10":0,"11":0,"12":0,"13":17,"14":11,"15":13,"16":0,"17":0,"18":0,"19":0,"20":0},"b":{"0":[0],"1":[0,0],"2":[0,0],"3":[0,0],"4":[0,10],"5":[17,0,0,0],"6":[0,0],"7":[0,0],"8":[0,0],"9":[1,0],"10":[0,0],"11":[13,4],"12":[11,0],"13":[2,15],"14":[15,0],"15":[0,0],"16":[0,15],"17":[0,15],"18":[15,0],"19":[0,0,0],"20":[0,0],"21":[0,0,0],"22":[0,0],"23":[0,0,0],"24":[0,0],"25":[0,0,0],"26":[0,0]},"_coverageSchema":"1a1c01bbd47fc00a2c39e90264f33305004495a9","hash":"269ee89a65d7abd3ae0958d99d07b72d4eb872e5"}
,"C:\\Users\\laksh\\GITHUB\\1hub_rep2\\G48A\\server\\src\\middleware\\security.js": {"path":"C:\\Users\\laksh\\GITHUB\\1hub_rep2\\G48A\\server\\src\\middleware\\security.js","statementMap":{"0":{"start":{"line":1,"column":18},"end":{"line":1,"column":47}},"1":{"start":{"line":2,"column":19},"end":{"line":2,"column":49}},"2":{"start":{"line":3,"column":15},"end":{"line":3,"column":41}},"3":{"start":{"line":6,"column":4},"end":{"line":6,"column":49}},"4":{"start":{"line":10,"column":4},"end":{"line":10,"column":35}},"5":{"start":{"line":11,"column":32},"end":{"line":11,"column":64}},"6":{"start":{"line":15,"column":4},"end":{"line":15,"column":51}},"7":{"start":{"line":16,"column":25},"end":{"line":16,"column":58}},"8":{"start":{"line":17,"column":25},"end":{"line":17,"column":76}},"9":{"start":{"line":18,"column":28},"end":{"line":18,"column":73}},"10":{"start":{"line":19,"column":34},"end":{"line":19,"column":62}},"11":{"start":{"line":21,"column":17},"end":{"line":21,"column":58}},"12":{"start":{"line":22,"column":2},"end":{"line":22,"column":67}},"13":{"start":{"line":24,"column":28},"end":{"line":27,"column":1}},"14":{"start":{"line":28,"column":27},"end":{"line":28,"column":73}},"15":{"start":{"line":29,"column":41},"end":{"line":34,"column":1}},"16":{"start":{"line":35,"column":43},"end":{"line":38,"column":1}},"17":{"start":{"line":40,"column":2},"end":{"line":40,"column":55}},"18":{"start":{"line":41,"column":20},"end":{"line":41,"column":69}},"19":{"start":{"line":42,"column":23},"end":{"line":42,"column":60}},"20":{"start":{"line":43,"column":34},"end":{"line":71,"column":2}},"21":{"start":{"line":75,"column":25},"end":{"line":75,"column":59}},"22":{"start":{"line":76,"column":25},"end":{"line":78,"column":3}},"23":{"start":{"line":80,"column":2},"end":{"line":87,"column":3}},"24":{"start":{"line":81,"column":4},"end":{"line":86,"column":6}},"25":{"start":{"line":89,"column":23},"end":{"line":89,"column":47}},"26":{"start":{"line":90,"column":2},"end":{"line":97,"column":3}},"27":{"start":{"line":91,"column":4},"end":{"line":96,"column":6}},"28":{"start":{"line":99,"column":2},"end":{"line":132,"column":3}},"29":{"start":{"line":100,"column":20},"end":{"line":100,"column":66}},"30":{"start":{"line":101,"column":4},"end":{"line":108,"column":5}},"31":{"start":{"line":102,"column":6},"end":{"line":107,"column":8}},"32":{"start":{"line":110,"column":36},"end":{"line":112,"column":5}},"33":{"start":{"line":113,"column":4},"end":{"line":120,"column":5}},"34":{"start":{"line":114,"column":6},"end":{"line":119,"column":8}},"35":{"start":{"line":122,"column":4},"end":{"line":125,"column":7}},"36":{"start":{"line":126,"column":4},"end":{"line":131,"column":6}},"37":{"start":{"line":134,"column":2},"end":{"line":139,"column":4}},"38":{"start":{"line":142,"column":2},"end":{"line":142,"column":73}},"39":{"start":{"line":145,"column":2},"end":{"line":148,"column":4}},"40":{"start":{"line":151,"column":2},"end":{"line":153,"column":3}},"41":{"start":{"line":152,"column":4},"end":{"line":152,"column":59}},"42":{"start":{"line":154,"column":18},"end":{"line":154,"column":44}},"43":{"start":{"line":155,"column":16},"end":{"line":155,"column":70}},"44":{"start":{"line":156,"column":2},"end":{"line":172,"column":3}},"45":{"start":{"line":157,"column":4},"end":{"line":171,"column":14}},"46":{"start":{"line":158,"column":22},"end":{"line":161,"column":8}},"47":{"start":{"line":163,"column":8},"end":{"line":167,"column":12}},"48":{"start":{"line":168,"column":6},"end":{"line":170,"column":7}},"49":{"start":{"line":169,"column":8},"end":{"line":169,"column":60}},"50":{"start":{"line":173,"column":2},"end":{"line":173,"column":43}},"51":{"start":{"line":174,"column":2},"end":{"line":174,"column":34}},"52":{"start":{"line":176,"column":0},"end":{"line":216,"column":3}},"53":{"start":{"line":179,"column":21},"end":{"line":179,"column":41}},"54":{"start":{"line":180,"column":4},"end":{"line":185,"column":5}},"55":{"start":{"line":184,"column":6},"end":{"line":184,"column":48}},"56":{"start":{"line":186,"column":4},"end":{"line":188,"column":5}},"57":{"start":{"line":187,"column":6},"end":{"line":187,"column":46}},"58":{"start":{"line":189,"column":4},"end":{"line":189,"column":30}},"59":{"start":{"line":192,"column":26},"end":{"line":192,"column":57}},"60":{"start":{"line":193,"column":4},"end":{"line":195,"column":5}},"61":{"start":{"line":194,"column":6},"end":{"line":194,"column":50}},"62":{"start":{"line":196,"column":29},"end":{"line":196,"column":62}},"63":{"start":{"line":197,"column":4},"end":{"line":199,"column":5}},"64":{"start":{"line":198,"column":6},"end":{"line":198,"column":30}},"65":{"start":{"line":201,"column":6},"end":{"line":204,"column":17}},"66":{"start":{"line":205,"column":4},"end":{"line":205,"column":47}},"67":{"start":{"line":208,"column":4},"end":{"line":209,"column":63}},"68":{"start":{"line":217,"column":0},"end":{"line":255,"column":2}},"69":{"start":{"line":218,"column":20},"end":{"line":218,"column":47}},"70":{"start":{"line":219,"column":2},"end":{"line":224,"column":3}},"71":{"start":{"line":220,"column":4},"end":{"line":222,"column":5}},"72":{"start":{"line":221,"column":6},"end":{"line":221,"column":68}},"73":{"start":{"line":223,"column":4},"end":{"line":223,"column":71}},"74":{"start":{"line":226,"column":2},"end":{"line":231,"column":3}},"75":{"start":{"line":227,"column":4},"end":{"line":229,"column":5}},"76":{"start":{"line":228,"column":6},"end":{"line":228,"column":66}},"77":{"start":{"line":230,"column":4},"end":{"line":230,"column":72}},"78":{"start":{"line":233,"column":2},"end":{"line":237,"column":3}},"79":{"start":{"line":234,"column":4},"end":{"line":236,"column":63}},"80":{"start":{"line":239,"column":2},"end":{"line":243,"column":3}},"81":{"start":{"line":240,"column":4},"end":{"line":242,"column":86}},"82":{"start":{"line":245,"column":2},"end":{"line":249,"column":3}},"83":{"start":{"line":246,"column":4},"end":{"line":248,"column":92}},"84":{"start":{"line":251,"column":2},"end":{"line":251,"column":31}},"85":{"start":{"line":252,"column":2},"end":{"line":252,"column":34}},"86":{"start":{"line":253,"column":2},"end":{"line":253,"column":34}},"87":{"start":{"line":254,"column":2},"end":{"line":254,"column":16}},"88":{"start":{"line":256,"column":0},"end":{"line":267,"column":2}},"89":{"start":{"line":257,"column":20},"end":{"line":257,"column":47}},"90":{"start":{"line":258,"column":2},"end":{"line":258,"column":34}},"91":{"start":{"line":259,"column":2},"end":{"line":265,"column":3}},"92":{"start":{"line":260,"column":4},"end":{"line":260,"column":33}},"93":{"start":{"line":261,"column":4},"end":{"line":261,"column":36}},"94":{"start":{"line":263,"column":4},"end":{"line":263,"column":20}},"95":{"start":{"line":264,"column":4},"end":{"line":264,"column":25}},"96":{"start":{"line":266,"column":2},"end":{"line":266,"column":16}},"97":{"start":{"line":268,"column":21},"end":{"line":268,"column":45}},"98":{"start":{"line":269,"column":23},"end":{"line":270,"column":73}},"99":{"start":{"line":270,"column":2},"end":{"line":270,"column":73}},"100":{"start":{"line":273,"column":24},"end":{"line":279,"column":2}},"101":{"start":{"line":282,"column":21},"end":{"line":288,"column":1}},"102":{"start":{"line":290,"column":23},"end":{"line":290,"column":73}},"103":{"start":{"line":291,"column":26},"end":{"line":291,"column":32}},"104":{"start":{"line":292,"column":23},"end":{"line":292,"column":25}},"105":{"start":{"line":294,"column":22},"end":{"line":334,"column":1}},"106":{"start":{"line":295,"column":2},"end":{"line":295,"column":47}},"107":{"start":{"line":295,"column":30},"end":{"line":295,"column":47}},"108":{"start":{"line":296,"column":2},"end":{"line":296,"column":58}},"109":{"start":{"line":296,"column":45},"end":{"line":296,"column":58}},"110":{"start":{"line":298,"column":2},"end":{"line":305,"column":3}},"111":{"start":{"line":299,"column":18},"end":{"line":299,"column":39}},"112":{"start":{"line":300,"column":4},"end":{"line":300,"column":90}},"113":{"start":{"line":300,"column":44},"end":{"line":300,"column":90}},"114":{"start":{"line":301,"column":4},"end":{"line":303,"column":5}},"115":{"start":{"line":302,"column":6},"end":{"line":302,"column":46}},"116":{"start":{"line":302,"column":33},"end":{"line":302,"column":46}},"117":{"start":{"line":304,"column":4},"end":{"line":304,"column":19}},"118":{"start":{"line":307,"column":2},"end":{"line":309,"column":3}},"119":{"start":{"line":308,"column":4},"end":{"line":308,"column":65}},"120":{"start":{"line":308,"column":32},"end":{"line":308,"column":63}},"121":{"start":{"line":311,"column":2},"end":{"line":332,"column":3}},"122":{"start":{"line":312,"column":17},"end":{"line":312,"column":35}},"123":{"start":{"line":313,"column":4},"end":{"line":331,"column":5}},"124":{"start":{"line":313,"column":17},"end":{"line":313,"column":18}},"125":{"start":{"line":314,"column":18},"end":{"line":314,"column":25}},"126":{"start":{"line":316,"column":6},"end":{"line":319,"column":7}},"127":{"start":{"line":317,"column":8},"end":{"line":317,"column":26}},"128":{"start":{"line":318,"column":8},"end":{"line":318,"column":17}},"129":{"start":{"line":321,"column":6},"end":{"line":324,"column":7}},"130":{"start":{"line":322,"column":8},"end":{"line":322,"column":26}},"131":{"start":{"line":323,"column":8},"end":{"line":323,"column":17}},"132":{"start":{"line":326,"column":6},"end":{"line":329,"column":7}},"133":{"start":{"line":327,"column":8},"end":{"line":327,"column":26}},"134":{"start":{"line":328,"column":8},"end":{"line":328,"column":17}},"135":{"start":{"line":330,"column":6},"end":{"line":330,"column":56}},"136":{"start":{"line":333,"column":2},"end":{"line":333,"column":15}},"137":{"start":{"line":336,"column":0},"end":{"line":345,"column":2}},"138":{"start":{"line":337,"column":2},"end":{"line":343,"column":3}},"139":{"start":{"line":338,"column":4},"end":{"line":338,"column":42}},"140":{"start":{"line":338,"column":18},"end":{"line":338,"column":42}},"141":{"start":{"line":339,"column":4},"end":{"line":339,"column":44}},"142":{"start":{"line":339,"column":19},"end":{"line":339,"column":44}},"143":{"start":{"line":340,"column":4},"end":{"line":340,"column":46}},"144":{"start":{"line":340,"column":20},"end":{"line":340,"column":46}},"145":{"start":{"line":344,"column":2},"end":{"line":344,"column":9}},"146":{"start":{"line":346,"column":15},"end":{"line":346,"column":32}},"147":{"start":{"line":347,"column":24},"end":{"line":347,"column":61}},"148":{"start":{"line":348,"column":0},"end":{"line":367,"column":3}},"149":{"start":{"line":368,"column":0},"end":{"line":376,"column":3}},"150":{"start":{"line":377,"column":21},"end":{"line":377,"column":50}},"151":{"start":{"line":378,"column":0},"end":{"line":402,"column":2}},"152":{"start":{"line":379,"column":27},"end":{"line":379,"column":35}},"153":{"start":{"line":380,"column":2},"end":{"line":380,"column":28}},"154":{"start":{"line":380,"column":14},"end":{"line":380,"column":28}},"155":{"start":{"line":381,"column":2},"end":{"line":401,"column":3}},"156":{"start":{"line":382,"column":19},"end":{"line":385,"column":5}},"157":{"start":{"line":387,"column":6},"end":{"line":387,"column":64}},"158":{"start":{"line":388,"column":4},"end":{"line":396,"column":5}},"159":{"start":{"line":389,"column":26},"end":{"line":389,"column":45}},"160":{"start":{"line":390,"column":6},"end":{"line":395,"column":7}},"161":{"start":{"line":391,"column":8},"end":{"line":394,"column":11}},"162":{"start":{"line":397,"column":4},"end":{"line":397,"column":11}},"163":{"start":{"line":399,"column":4},"end":{"line":399,"column":46}},"164":{"start":{"line":400,"column":4},"end":{"line":400,"column":11}},"165":{"start":{"line":403,"column":0},"end":{"line":405,"column":2}},"166":{"start":{"line":404,"column":2},"end":{"line":404,"column":9}}},"fnMap":{"0":{"name":"parsePositiveIntEnv","decl":{"start":{"line":20,"column":9},"end":{"line":20,"column":28}},"loc":{"start":{"line":20,"column":48},"end":{"line":23,"column":1}},"line":20},"1":{"name":"resolveAuthState","decl":{"start":{"line":74,"column":15},"end":{"line":74,"column":31}},"loc":{"start":{"line":74,"column":37},"end":{"line":140,"column":1}},"line":74},"2":{"name":"getLoadScenario","decl":{"start":{"line":141,"column":9},"end":{"line":141,"column":24}},"loc":{"start":{"line":141,"column":30},"end":{"line":143,"column":1}},"line":141},"3":{"name":"isTrustedSimulatedLoadRequest","decl":{"start":{"line":144,"column":9},"end":{"line":144,"column":38}},"loc":{"start":{"line":144,"column":44},"end":{"line":149,"column":1}},"line":144},"4":{"name":"getAuthenticatedRateLimitKey","decl":{"start":{"line":150,"column":9},"end":{"line":150,"column":37}},"loc":{"start":{"line":150,"column":43},"end":{"line":175,"column":1}},"line":150},"5":{"name":"(anonymous_5)","decl":{"start":{"line":178,"column":7},"end":{"line":178,"column":8}},"loc":{"start":{"line":178,"column":16},"end":{"line":190,"column":3}},"line":178},"6":{"name":"(anonymous_6)","decl":{"start":{"line":191,"column":16},"end":{"line":191,"column":17}},"loc":{"start":{"line":191,"column":25},"end":{"line":206,"column":3}},"line":191},"7":{"name":"(anonymous_7)","decl":{"start":{"line":207,"column":8},"end":{"line":207,"column":9}},"loc":{"start":{"line":208,"column":4},"end":{"line":209,"column":63}},"line":208},"8":{"name":"(anonymous_8)","decl":{"start":{"line":217,"column":28},"end":{"line":217,"column":29}},"loc":{"start":{"line":217,"column":54},"end":{"line":255,"column":1}},"line":217},"9":{"name":"(anonymous_9)","decl":{"start":{"line":256,"column":36},"end":{"line":256,"column":37}},"loc":{"start":{"line":256,"column":63},"end":{"line":267,"column":1}},"line":256},"10":{"name":"(anonymous_10)","decl":{"start":{"line":269,"column":23},"end":{"line":269,"column":24}},"loc":{"start":{"line":270,"column":2},"end":{"line":270,"column":73}},"line":270},"11":{"name":"(anonymous_11)","decl":{"start":{"line":294,"column":22},"end":{"line":294,"column":23}},"loc":{"start":{"line":294,"column":44},"end":{"line":334,"column":1}},"line":294},"12":{"name":"(anonymous_12)","decl":{"start":{"line":308,"column":21},"end":{"line":308,"column":22}},"loc":{"start":{"line":308,"column":32},"end":{"line":308,"column":63}},"line":308},"13":{"name":"(anonymous_13)","decl":{"start":{"line":336,"column":24},"end":{"line":336,"column":25}},"loc":{"start":{"line":336,"column":44},"end":{"line":345,"column":1}},"line":336},"14":{"name":"(anonymous_14)","decl":{"start":{"line":378,"column":30},"end":{"line":378,"column":31}},"loc":{"start":{"line":378,"column":56},"end":{"line":402,"column":1}},"line":378},"15":{"name":"(anonymous_15)","decl":{"start":{"line":403,"column":25},"end":{"line":403,"column":26}},"loc":{"start":{"line":403,"column":45},"end":{"line":405,"column":1}},"line":403}},"branchMap":{"0":{"loc":{"start":{"line":17,"column":25},"end":{"line":17,"column":76}},"type":"binary-expr","locations":[{"start":{"line":17,"column":25},"end":{"line":17,"column":53}},{"start":{"line":17,"column":57},"end":{"line":17,"column":76}}],"line":17},"1":{"loc":{"start":{"line":22,"column":9},"end":{"line":22,"column":66}},"type":"cond-expr","locations":[{"start":{"line":22,"column":49},"end":{"line":22,"column":55}},{"start":{"line":22,"column":58},"end":{"line":22,"column":66}}],"line":22},"2":{"loc":{"start":{"line":22,"column":9},"end":{"line":22,"column":46}},"type":"binary-expr","locations":[{"start":{"line":22,"column":9},"end":{"line":22,"column":32}},{"start":{"line":22,"column":36},"end":{"line":22,"column":46}}],"line":22},"3":{"loc":{"start":{"line":31,"column":2},"end":{"line":33,"column":39}},"type":"cond-expr","locations":[{"start":{"line":32,"column":6},"end":{"line":32,"column":24}},{"start":{"line":33,"column":6},"end":{"line":33,"column":39}}],"line":31},"4":{"loc":{"start":{"line":80,"column":2},"end":{"line":87,"column":3}},"type":"if","locations":[{"start":{"line":80,"column":2},"end":{"line":87,"column":3}},{"start":{},"end":{}}],"line":80},"5":{"loc":{"start":{"line":80,"column":6},"end":{"line":80,"column":40}},"type":"binary-expr","locations":[{"start":{"line":80,"column":6},"end":{"line":80,"column":21}},{"start":{"line":80,"column":25},"end":{"line":80,"column":40}}],"line":80},"6":{"loc":{"start":{"line":90,"column":2},"end":{"line":97,"column":3}},"type":"if","locations":[{"start":{"line":90,"column":2},"end":{"line":97,"column":3}},{"start":{},"end":{}}],"line":90},"7":{"loc":{"start":{"line":101,"column":4},"end":{"line":108,"column":5}},"type":"if","locations":[{"start":{"line":101,"column":4},"end":{"line":108,"column":5}},{"start":{},"end":{}}],"line":101},"8":{"loc":{"start":{"line":113,"column":4},"end":{"line":120,"column":5}},"type":"if","locations":[{"start":{"line":113,"column":4},"end":{"line":120,"column":5}},{"start":{},"end":{}}],"line":113},"9":{"loc":{"start":{"line":142,"column":16},"end":{"line":142,"column":57}},"type":"binary-expr","locations":[{"start":{"line":142,"column":16},"end":{"line":142,"column":51}},{"start":{"line":142,"column":55},"end":{"line":142,"column":57}}],"line":142},"10":{"loc":{"start":{"line":146,"column":4},"end":{"line":147,"column":49}},"type":"binary-expr","locations":[{"start":{"line":146,"column":4},"end":{"line":146,"column":34}},{"start":{"line":147,"column":4},"end":{"line":147,"column":49}}],"line":146},"11":{"loc":{"start":{"line":151,"column":2},"end":{"line":153,"column":3}},"type":"if","locations":[{"start":{"line":151,"column":2},"end":{"line":153,"column":3}},{"start":{},"end":{}}],"line":151},"12":{"loc":{"start":{"line":156,"column":2},"end":{"line":172,"column":3}},"type":"if","locations":[{"start":{"line":156,"column":2},"end":{"line":172,"column":3}},{"start":{},"end":{}}],"line":156},"13":{"loc":{"start":{"line":163,"column":8},"end":{"line":167,"column":12}},"type":"binary-expr","locations":[{"start":{"line":163,"column":8},"end":{"line":163,"column":23}},{"start":{"line":164,"column":8},"end":{"line":164,"column":19}},{"start":{"line":165,"column":8},"end":{"line":165,"column":24}},{"start":{"line":166,"column":8},"end":{"line":166,"column":20}},{"start":{"line":167,"column":8},"end":{"line":167,"column":12}}],"line":163},"14":{"loc":{"start":{"line":168,"column":6},"end":{"line":170,"column":7}},"type":"if","locations":[{"start":{"line":168,"column":6},"end":{"line":170,"column":7}},{"start":{},"end":{}}],"line":168},"15":{"loc":{"start":{"line":168,"column":10},"end":{"line":168,"column":66}},"type":"binary-expr","locations":[{"start":{"line":168,"column":10},"end":{"line":168,"column":25}},{"start":{"line":168,"column":29},"end":{"line":168,"column":49}},{"start":{"line":168,"column":53},"end":{"line":168,"column":66}}],"line":168},"16":{"loc":{"start":{"line":180,"column":4},"end":{"line":185,"column":5}},"type":"if","locations":[{"start":{"line":180,"column":4},"end":{"line":185,"column":5}},{"start":{},"end":{}}],"line":180},"17":{"loc":{"start":{"line":181,"column":6},"end":{"line":182,"column":52}},"type":"binary-expr","locations":[{"start":{"line":181,"column":6},"end":{"line":181,"column":40}},{"start":{"line":182,"column":6},"end":{"line":182,"column":52}}],"line":181},"18":{"loc":{"start":{"line":186,"column":4},"end":{"line":188,"column":5}},"type":"if","locations":[{"start":{"line":186,"column":4},"end":{"line":188,"column":5}},{"start":{},"end":{}}],"line":186},"19":{"loc":{"start":{"line":193,"column":4},"end":{"line":195,"column":5}},"type":"if","locations":[{"start":{"line":193,"column":4},"end":{"line":195,"column":5}},{"start":{},"end":{}}],"line":193},"20":{"loc":{"start":{"line":193,"column":8},"end":{"line":193,"column":59}},"type":"binary-expr","locations":[{"start":{"line":193,"column":8},"end":{"line":193,"column":42}},{"start":{"line":193,"column":46},"end":{"line":193,"column":59}}],"line":193},"21":{"loc":{"start":{"line":197,"column":4},"end":{"line":199,"column":5}},"type":"if","locations":[{"start":{"line":197,"column":4},"end":{"line":199,"column":5}},{"start":{},"end":{}}],"line":197},"22":{"loc":{"start":{"line":201,"column":6},"end":{"line":204,"column":17}},"type":"binary-expr","locations":[{"start":{"line":201,"column":6},"end":{"line":201,"column":12}},{"start":{"line":202,"column":6},"end":{"line":202,"column":35}},{"start":{"line":203,"column":6},"end":{"line":203,"column":31}},{"start":{"line":204,"column":6},"end":{"line":204,"column":17}}],"line":201},"23":{"loc":{"start":{"line":208,"column":4},"end":{"line":209,"column":63}},"type":"binary-expr","locations":[{"start":{"line":208,"column":4},"end":{"line":208,"column":29}},{"start":{"line":209,"column":5},"end":{"line":209,"column":19}},{"start":{"line":209,"column":23},"end":{"line":209,"column":62}}],"line":208},"24":{"loc":{"start":{"line":219,"column":2},"end":{"line":224,"column":3}},"type":"if","locations":[{"start":{"line":219,"column":2},"end":{"line":224,"column":3}},{"start":{},"end":{}}],"line":219},"25":{"loc":{"start":{"line":220,"column":4},"end":{"line":222,"column":5}},"type":"if","locations":[{"start":{"line":220,"column":4},"end":{"line":222,"column":5}},{"start":{},"end":{}}],"line":220},"26":{"loc":{"start":{"line":226,"column":2},"end":{"line":231,"column":3}},"type":"if","locations":[{"start":{"line":226,"column":2},"end":{"line":231,"column":3}},{"start":{},"end":{}}],"line":226},"27":{"loc":{"start":{"line":227,"column":4},"end":{"line":229,"column":5}},"type":"if","locations":[{"start":{"line":227,"column":4},"end":{"line":229,"column":5}},{"start":{},"end":{}}],"line":227},"28":{"loc":{"start":{"line":233,"column":2},"end":{"line":237,"column":3}},"type":"if","locations":[{"start":{"line":233,"column":2},"end":{"line":237,"column":3}},{"start":{},"end":{}}],"line":233},"29":{"loc":{"start":{"line":239,"column":2},"end":{"line":243,"column":3}},"type":"if","locations":[{"start":{"line":239,"column":2},"end":{"line":243,"column":3}},{"start":{},"end":{}}],"line":239},"30":{"loc":{"start":{"line":245,"column":2},"end":{"line":249,"column":3}},"type":"if","locations":[{"start":{"line":245,"column":2},"end":{"line":249,"column":3}},{"start":{},"end":{}}],"line":245},"31":{"loc":{"start":{"line":259,"column":2},"end":{"line":265,"column":3}},"type":"if","locations":[{"start":{"line":259,"column":2},"end":{"line":265,"column":3}},{"start":{"line":262,"column":9},"end":{"line":265,"column":3}}],"line":259},"32":{"loc":{"start":{"line":294,"column":30},"end":{"line":294,"column":39}},"type":"default-arg","locations":[{"start":{"line":294,"column":38},"end":{"line":294,"column":39}}],"line":294},"33":{"loc":{"start":{"line":295,"column":2},"end":{"line":295,"column":47}},"type":"if","locations":[{"start":{"line":295,"column":2},"end":{"line":295,"column":47}},{"start":{},"end":{}}],"line":295},"34":{"loc":{"start":{"line":296,"column":2},"end":{"line":296,"column":58}},"type":"if","locations":[{"start":{"line":296,"column":2},"end":{"line":296,"column":58}},{"start":{},"end":{}}],"line":296},"35":{"loc":{"start":{"line":296,"column":6},"end":{"line":296,"column":43}},"type":"binary-expr","locations":[{"start":{"line":296,"column":6},"end":{"line":296,"column":20}},{"start":{"line":296,"column":24},"end":{"line":296,"column":43}}],"line":296},"36":{"loc":{"start":{"line":298,"column":2},"end":{"line":305,"column":3}},"type":"if","locations":[{"start":{"line":298,"column":2},"end":{"line":305,"column":3}},{"start":{},"end":{}}],"line":298},"37":{"loc":{"start":{"line":300,"column":4},"end":{"line":300,"column":90}},"type":"if","locations":[{"start":{"line":300,"column":4},"end":{"line":300,"column":90}},{"start":{},"end":{}}],"line":300},"38":{"loc":{"start":{"line":302,"column":6},"end":{"line":302,"column":46}},"type":"if","locations":[{"start":{"line":302,"column":6},"end":{"line":302,"column":46}},{"start":{},"end":{}}],"line":302},"39":{"loc":{"start":{"line":307,"column":2},"end":{"line":309,"column":3}},"type":"if","locations":[{"start":{"line":307,"column":2},"end":{"line":309,"column":3}},{"start":{},"end":{}}],"line":307},"40":{"loc":{"start":{"line":311,"column":2},"end":{"line":332,"column":3}},"type":"if","locations":[{"start":{"line":311,"column":2},"end":{"line":332,"column":3}},{"start":{},"end":{}}],"line":311},"41":{"loc":{"start":{"line":311,"column":6},"end":{"line":311,"column":40}},"type":"binary-expr","locations":[{"start":{"line":311,"column":6},"end":{"line":311,"column":11}},{"start":{"line":311,"column":15},"end":{"line":311,"column":40}}],"line":311},"42":{"loc":{"start":{"line":316,"column":6},"end":{"line":319,"column":7}},"type":"if","locations":[{"start":{"line":316,"column":6},"end":{"line":319,"column":7}},{"start":{},"end":{}}],"line":316},"43":{"loc":{"start":{"line":321,"column":6},"end":{"line":324,"column":7}},"type":"if","locations":[{"start":{"line":321,"column":6},"end":{"line":324,"column":7}},{"start":{},"end":{}}],"line":321},"44":{"loc":{"start":{"line":321,"column":10},"end":{"line":321,"column":57}},"type":"binary-expr","locations":[{"start":{"line":321,"column":10},"end":{"line":321,"column":29}},{"start":{"line":321,"column":33},"end":{"line":321,"column":57}}],"line":321},"45":{"loc":{"start":{"line":326,"column":6},"end":{"line":329,"column":7}},"type":"if","locations":[{"start":{"line":326,"column":6},"end":{"line":329,"column":7}},{"start":{},"end":{}}],"line":326},"46":{"loc":{"start":{"line":338,"column":4},"end":{"line":338,"column":42}},"type":"if","locations":[{"start":{"line":338,"column":4},"end":{"line":338,"column":42}},{"start":{},"end":{}}],"line":338},"47":{"loc":{"start":{"line":339,"column":4},"end":{"line":339,"column":44}},"type":"if","locations":[{"start":{"line":339,"column":4},"end":{"line":339,"column":44}},{"start":{},"end":{}}],"line":339},"48":{"loc":{"start":{"line":340,"column":4},"end":{"line":340,"column":46}},"type":"if","locations":[{"start":{"line":340,"column":4},"end":{"line":340,"column":46}},{"start":{},"end":{}}],"line":340},"49":{"loc":{"start":{"line":350,"column":25},"end":{"line":364,"column":11}},"type":"cond-expr","locations":[{"start":{"line":350,"column":43},"end":{"line":364,"column":3}},{"start":{"line":364,"column":6},"end":{"line":364,"column":11}}],"line":350},"50":{"loc":{"start":{"line":365,"column":8},"end":{"line":365,"column":94}},"type":"cond-expr","locations":[{"start":{"line":365,"column":26},"end":{"line":365,"column":86}},{"start":{"line":365,"column":89},"end":{"line":365,"column":94}}],"line":365},"51":{"loc":{"start":{"line":380,"column":2},"end":{"line":380,"column":28}},"type":"if","locations":[{"start":{"line":380,"column":2},"end":{"line":380,"column":28}},{"start":{},"end":{}}],"line":380},"52":{"loc":{"start":{"line":387,"column":6},"end":{"line":387,"column":64}},"type":"binary-expr","locations":[{"start":{"line":387,"column":6},"end":{"line":387,"column":32}},{"start":{"line":387,"column":36},"end":{"line":387,"column":64}}],"line":387},"53":{"loc":{"start":{"line":388,"column":4},"end":{"line":396,"column":5}},"type":"if","locations":[{"start":{"line":388,"column":4},"end":{"line":396,"column":5}},{"start":{},"end":{}}],"line":388},"54":{"loc":{"start":{"line":390,"column":6},"end":{"line":395,"column":7}},"type":"if","locations":[{"start":{"line":390,"column":6},"end":{"line":395,"column":7}},{"start":{},"end":{}}],"line":390}},"s":{"0":0,"1":0,"2":0,"3":0,"4":0,"5":0,"6":0,"7":0,"8":0,"9":0,"10":0,"11":0,"12":0,"13":0,"14":0,"15":0,"16":0,"17":0,"18":0,"19":0,"20":0,"21":0,"22":0,"23":0,"24":0,"25":0,"26":0,"27":0,"28":0,"29":0,"30":0,"31":0,"32":0,"33":0,"34":0,"35":0,"36":0,"37":0,"38":0,"39":0,"40":0,"41":0,"42":0,"43":0,"44":0,"45":0,"46":0,"47":0,"48":0,"49":0,"50":0,"51":0,"52":0,"53":0,"54":0,"55":0,"56":0,"57":0,"58":0,"59":0,"60":0,"61":0,"62":0,"63":0,"64":0,"65":0,"66":0,"67":0,"68":0,"69":0,"70":0,"71":0,"72":0,"73":0,"74":0,"75":0,"76":0,"77":0,"78":0,"79":0,"80":0,"81":0,"82":0,"83":0,"84":0,"85":0,"86":0,"87":0,"88":0,"89":0,"90":0,"91":0,"92":0,"93":0,"94":0,"95":0,"96":0,"97":0,"98":0,"99":0,"100":0,"101":0,"102":0,"103":0,"104":0,"105":0,"106":0,"107":0,"108":0,"109":0,"110":0,"111":0,"112":0,"113":0,"114":0,"115":0,"116":0,"117":0,"118":0,"119":0,"120":0,"121":0,"122":0,"123":0,"124":0,"125":0,"126":0,"127":0,"128":0,"129":0,"130":0,"131":0,"132":0,"133":0,"134":0,"135":0,"136":0,"137":0,"138":0,"139":0,"140":0,"141":0,"142":0,"143":0,"144":0,"145":0,"146":0,"147":0,"148":0,"149":0,"150":0,"151":0,"152":0,"153":0,"154":0,"155":0,"156":0,"157":0,"158":0,"159":0,"160":0,"161":0,"162":0,"163":0,"164":0,"165":0,"166":0},"f":{"0":0,"1":0,"2":0,"3":0,"4":0,"5":0,"6":0,"7":0,"8":0,"9":0,"10":0,"11":0,"12":0,"13":0,"14":0,"15":0},"b":{"0":[0,0],"1":[0,0],"2":[0,0],"3":[0,0],"4":[0,0],"5":[0,0],"6":[0,0],"7":[0,0],"8":[0,0],"9":[0,0],"10":[0,0],"11":[0,0],"12":[0,0],"13":[0,0,0,0,0],"14":[0,0],"15":[0,0,0],"16":[0,0],"17":[0,0],"18":[0,0],"19":[0,0],"20":[0,0],"21":[0,0],"22":[0,0,0,0],"23":[0,0,0],"24":[0,0],"25":[0,0],"26":[0,0],"27":[0,0],"28":[0,0],"29":[0,0],"30":[0,0],"31":[0,0],"32":[0],"33":[0,0],"34":[0,0],"35":[0,0],"36":[0,0],"37":[0,0],"38":[0,0],"39":[0,0],"40":[0,0],"41":[0,0],"42":[0,0],"43":[0,0],"44":[0,0],"45":[0,0],"46":[0,0],"47":[0,0],"48":[0,0],"49":[0,0],"50":[0,0],"51":[0,0],"52":[0,0],"53":[0,0],"54":[0,0]}}
,"C:\\Users\\laksh\\GITHUB\\1hub_rep2\\G48A\\server\\src\\utils\\authUtils.js": {"path":"C:\\Users\\laksh\\GITHUB\\1hub_rep2\\G48A\\server\\src\\utils\\authUtils.js","statementMap":{"0":{"start":{"line":8,"column":23},"end":{"line":8,"column":32}},"1":{"start":{"line":9,"column":15},"end":{"line":9,"column":29}},"2":{"start":{"line":10,"column":20},"end":{"line":10,"column":26}},"3":{"start":{"line":11,"column":31},"end":{"line":11,"column":33}},"4":{"start":{"line":15,"column":19},"end":{"line":15,"column":38}},"5":{"start":{"line":16,"column":4},"end":{"line":18,"column":5}},"6":{"start":{"line":17,"column":8},"end":{"line":17,"column":70}},"7":{"start":{"line":17,"column":43},"end":{"line":17,"column":70}},"8":{"start":{"line":22,"column":23},"end":{"line":22,"column":61}},"9":{"start":{"line":23,"column":0},"end":{"line":23,"column":49}},"10":{"start":{"line":23,"column":26},"end":{"line":23,"column":49}},"11":{"start":{"line":29,"column":28},"end":{"line":45,"column":1}},"12":{"start":{"line":30,"column":21},"end":{"line":30,"column":46}},"13":{"start":{"line":31,"column":4},"end":{"line":44,"column":5}},"14":{"start":{"line":32,"column":8},"end":{"line":32,"column":28}},"15":{"start":{"line":34,"column":8},"end":{"line":36,"column":9}},"16":{"start":{"line":35,"column":12},"end":{"line":35,"column":52}},"17":{"start":{"line":39,"column":8},"end":{"line":42,"column":9}},"18":{"start":{"line":40,"column":30},"end":{"line":40,"column":64}},"19":{"start":{"line":41,"column":12},"end":{"line":41,"column":45}},"20":{"start":{"line":43,"column":8},"end":{"line":43,"column":76}},"21":{"start":{"line":51,"column":28},"end":{"line":53,"column":1}},"22":{"start":{"line":52,"column":4},"end":{"line":52,"column":33}},"23":{"start":{"line":59,"column":26},"end":{"line":67,"column":1}},"24":{"start":{"line":60,"column":18},"end":{"line":60,"column":43}},"25":{"start":{"line":61,"column":4},"end":{"line":61,"column":25}},"26":{"start":{"line":61,"column":16},"end":{"line":61,"column":25}},"27":{"start":{"line":62,"column":4},"end":{"line":65,"column":5}},"28":{"start":{"line":63,"column":8},"end":{"line":63,"column":37}},"29":{"start":{"line":64,"column":8},"end":{"line":64,"column":17}},"30":{"start":{"line":66,"column":4},"end":{"line":66,"column":23}},"31":{"start":{"line":74,"column":33},"end":{"line":86,"column":1}},"32":{"start":{"line":75,"column":19},"end":{"line":75,"column":21}},"33":{"start":{"line":76,"column":4},"end":{"line":76,"column":91}},"34":{"start":{"line":76,"column":30},"end":{"line":76,"column":91}},"35":{"start":{"line":77,"column":4},"end":{"line":77,"column":101}},"36":{"start":{"line":77,"column":33},"end":{"line":77,"column":101}},"37":{"start":{"line":78,"column":4},"end":{"line":78,"column":101}},"38":{"start":{"line":78,"column":33},"end":{"line":78,"column":101}},"39":{"start":{"line":79,"column":4},"end":{"line":79,"column":91}},"40":{"start":{"line":79,"column":33},"end":{"line":79,"column":91}},"41":{"start":{"line":82,"column":4},"end":{"line":85,"column":6}},"42":{"start":{"line":88,"column":0},"end":{"line":93,"column":2}}},"fnMap":{"0":{"name":"evictStale","decl":{"start":{"line":14,"column":9},"end":{"line":14,"column":19}},"loc":{"start":{"line":14,"column":22},"end":{"line":19,"column":1}},"line":14},"1":{"name":"(anonymous_1)","decl":{"start":{"line":29,"column":28},"end":{"line":29,"column":29}},"loc":{"start":{"line":29,"column":39},"end":{"line":45,"column":1}},"line":29},"2":{"name":"(anonymous_2)","decl":{"start":{"line":51,"column":28},"end":{"line":51,"column":29}},"loc":{"start":{"line":51,"column":39},"end":{"line":53,"column":1}},"line":51},"3":{"name":"(anonymous_3)","decl":{"start":{"line":59,"column":26},"end":{"line":59,"column":27}},"loc":{"start":{"line":59,"column":37},"end":{"line":67,"column":1}},"line":59},"4":{"name":"(anonymous_4)","decl":{"start":{"line":74,"column":33},"end":{"line":74,"column":34}},"loc":{"start":{"line":74,"column":47},"end":{"line":86,"column":1}},"line":74}},"branchMap":{"0":{"loc":{"start":{"line":17,"column":8},"end":{"line":17,"column":70}},"type":"if","locations":[{"start":{"line":17,"column":8},"end":{"line":17,"column":70}},{"start":{},"end":{}}],"line":17},"1":{"loc":{"start":{"line":23,"column":0},"end":{"line":23,"column":49}},"type":"if","locations":[{"start":{"line":23,"column":0},"end":{"line":23,"column":49}},{"start":{},"end":{}}],"line":23},"2":{"loc":{"start":{"line":31,"column":4},"end":{"line":44,"column":5}},"type":"if","locations":[{"start":{"line":31,"column":4},"end":{"line":44,"column":5}},{"start":{"line":37,"column":11},"end":{"line":44,"column":5}}],"line":31},"3":{"loc":{"start":{"line":31,"column":8},"end":{"line":31,"column":67}},"type":"binary-expr","locations":[{"start":{"line":31,"column":8},"end":{"line":31,"column":16}},{"start":{"line":31,"column":20},"end":{"line":31,"column":67}}],"line":31},"4":{"loc":{"start":{"line":34,"column":8},"end":{"line":36,"column":9}},"type":"if","locations":[{"start":{"line":34,"column":8},"end":{"line":36,"column":9}},{"start":{},"end":{}}],"line":34},"5":{"loc":{"start":{"line":39,"column":8},"end":{"line":42,"column":9}},"type":"if","locations":[{"start":{"line":39,"column":8},"end":{"line":42,"column":9}},{"start":{},"end":{}}],"line":39},"6":{"loc":{"start":{"line":61,"column":4},"end":{"line":61,"column":25}},"type":"if","locations":[{"start":{"line":61,"column":4},"end":{"line":61,"column":25}},{"start":{},"end":{}}],"line":61},"7":{"loc":{"start":{"line":62,"column":4},"end":{"line":65,"column":5}},"type":"if","locations":[{"start":{"line":62,"column":4},"end":{"line":65,"column":5}},{"start":{},"end":{}}],"line":62},"8":{"loc":{"start":{"line":76,"column":4},"end":{"line":76,"column":91}},"type":"if","locations":[{"start":{"line":76,"column":4},"end":{"line":76,"column":91}},{"start":{},"end":{}}],"line":76},"9":{"loc":{"start":{"line":77,"column":4},"end":{"line":77,"column":101}},"type":"if","locations":[{"start":{"line":77,"column":4},"end":{"line":77,"column":101}},{"start":{},"end":{}}],"line":77},"10":{"loc":{"start":{"line":78,"column":4},"end":{"line":78,"column":101}},"type":"if","locations":[{"start":{"line":78,"column":4},"end":{"line":78,"column":101}},{"start":{},"end":{}}],"line":78},"11":{"loc":{"start":{"line":79,"column":4},"end":{"line":79,"column":91}},"type":"if","locations":[{"start":{"line":79,"column":4},"end":{"line":79,"column":91}},{"start":{},"end":{}}],"line":79}},"s":{"0":1,"1":1,"2":1,"3":1,"4":0,"5":0,"6":0,"7":0,"8":1,"9":1,"10":1,"11":1,"12":0,"13":0,"14":0,"15":0,"16":0,"17":0,"18":0,"19":0,"20":0,"21":1,"22":0,"23":1,"24":0,"25":0,"26":0,"27":0,"28":0,"29":0,"30":0,"31":1,"32":0,"33":0,"34":0,"35":0,"36":0,"37":0,"38":0,"39":0,"40":0,"41":0,"42":1},"f":{"0":0,"1":0,"2":0,"3":0,"4":0},"b":{"0":[0,0],"1":[1,0],"2":[0,0],"3":[0,0],"4":[0,0],"5":[0,0],"6":[0,0],"7":[0,0],"8":[0,0],"9":[0,0],"10":[0,0],"11":[0,0]},"_coverageSchema":"1a1c01bbd47fc00a2c39e90264f33305004495a9","hash":"eb26a1759f1e90fb188724bce0dbab8623811c8b"}
,"C:\\Users\\laksh\\GITHUB\\1hub_rep2\\G48A\\server\\src\\workers\\cronEscrowSettlement.js": {"path":"C:\\Users\\laksh\\GITHUB\\1hub_rep2\\G48A\\server\\src\\workers\\cronEscrowSettlement.js","statementMap":{"0":{"start":{"line":8,"column":17},"end":{"line":8,"column":40}},"1":{"start":{"line":9,"column":29},"end":{"line":9,"column":71}},"2":{"start":{"line":10,"column":15},"end":{"line":10,"column":41}},"3":{"start":{"line":13,"column":2},"end":{"line":13,"column":66}},"4":{"start":{"line":14,"column":17},"end":{"line":14,"column":37}},"5":{"start":{"line":15,"column":2},"end":{"line":60,"column":3}},"6":{"start":{"line":16,"column":18},"end":{"line":23,"column":5}},"7":{"start":{"line":24,"column":16},"end":{"line":24,"column":41}},"8":{"start":{"line":26,"column":4},"end":{"line":29,"column":5}},"9":{"start":{"line":27,"column":6},"end":{"line":27,"column":67}},"10":{"start":{"line":28,"column":6},"end":{"line":28,"column":13}},"11":{"start":{"line":31,"column":4},"end":{"line":31,"column":89}},"12":{"start":{"line":33,"column":4},"end":{"line":54,"column":5}},"13":{"start":{"line":34,"column":6},"end":{"line":34,"column":34}},"14":{"start":{"line":37,"column":6},"end":{"line":40,"column":8}},"15":{"start":{"line":43,"column":6},"end":{"line":50,"column":9}},"16":{"start":{"line":52,"column":6},"end":{"line":52,"column":35}},"17":{"start":{"line":53,"column":6},"end":{"line":53,"column":119}},"18":{"start":{"line":56,"column":4},"end":{"line":56,"column":35}},"19":{"start":{"line":57,"column":4},"end":{"line":57,"column":71}},"20":{"start":{"line":59,"column":4},"end":{"line":59,"column":21}},"21":{"start":{"line":63,"column":0},"end":{"line":70,"column":1}},"22":{"start":{"line":64,"column":2},"end":{"line":69,"column":7}},"23":{"start":{"line":65,"column":16},"end":{"line":65,"column":31}},"24":{"start":{"line":67,"column":6},"end":{"line":67,"column":24}},"25":{"start":{"line":68,"column":6},"end":{"line":68,"column":22}},"26":{"start":{"line":72,"column":0},"end":{"line":72,"column":46}}},"fnMap":{"0":{"name":"processEscrowSettlements","decl":{"start":{"line":12,"column":15},"end":{"line":12,"column":39}},"loc":{"start":{"line":12,"column":42},"end":{"line":61,"column":1}},"line":12},"1":{"name":"(anonymous_1)","decl":{"start":{"line":65,"column":10},"end":{"line":65,"column":11}},"loc":{"start":{"line":65,"column":16},"end":{"line":65,"column":31}},"line":65},"2":{"name":"(anonymous_2)","decl":{"start":{"line":66,"column":11},"end":{"line":66,"column":12}},"loc":{"start":{"line":66,"column":20},"end":{"line":69,"column":5}},"line":66}},"branchMap":{"0":{"loc":{"start":{"line":26,"column":4},"end":{"line":29,"column":5}},"type":"if","locations":[{"start":{"line":26,"column":4},"end":{"line":29,"column":5}},{"start":{},"end":{}}],"line":26},"1":{"loc":{"start":{"line":63,"column":0},"end":{"line":70,"column":1}},"type":"if","locations":[{"start":{"line":63,"column":0},"end":{"line":70,"column":1}},{"start":{},"end":{}}],"line":63}},"s":{"0":0,"1":0,"2":0,"3":0,"4":0,"5":0,"6":0,"7":0,"8":0,"9":0,"10":0,"11":0,"12":0,"13":0,"14":0,"15":0,"16":0,"17":0,"18":0,"19":0,"20":0,"21":0,"22":0,"23":0,"24":0,"25":0,"26":0},"f":{"0":0,"1":0,"2":0},"b":{"0":[0,0],"1":[0,0]}}
,"C:\\Users\\laksh\\GITHUB\\1hub_rep2\\G48A\\server\\src\\workers\\cronPostExpiry.js": {"path":"C:\\Users\\laksh\\GITHUB\\1hub_rep2\\G48A\\server\\src\\workers\\cronPostExpiry.js","statementMap":{"0":{"start":{"line":9,"column":17},"end":{"line":9,"column":40}},"1":{"start":{"line":10,"column":29},"end":{"line":10,"column":71}},"2":{"start":{"line":11,"column":15},"end":{"line":11,"column":41}},"3":{"start":{"line":14,"column":2},"end":{"line":14,"column":55}},"4":{"start":{"line":15,"column":17},"end":{"line":15,"column":37}},"5":{"start":{"line":16,"column":2},"end":{"line":65,"column":3}},"6":{"start":{"line":18,"column":18},"end":{"line":24,"column":5}},"7":{"start":{"line":25,"column":16},"end":{"line":25,"column":41}},"8":{"start":{"line":27,"column":4},"end":{"line":30,"column":5}},"9":{"start":{"line":28,"column":6},"end":{"line":28,"column":54}},"10":{"start":{"line":29,"column":6},"end":{"line":29,"column":13}},"11":{"start":{"line":32,"column":4},"end":{"line":32,"column":82}},"12":{"start":{"line":34,"column":4},"end":{"line":59,"column":5}},"13":{"start":{"line":35,"column":6},"end":{"line":35,"column":34}},"14":{"start":{"line":38,"column":6},"end":{"line":41,"column":8}},"15":{"start":{"line":44,"column":34},"end":{"line":53,"column":7}},"16":{"start":{"line":55,"column":6},"end":{"line":55,"column":64}},"17":{"start":{"line":56,"column":6},"end":{"line":56,"column":35}},"18":{"start":{"line":58,"column":6},"end":{"line":58,"column":109}},"19":{"start":{"line":61,"column":4},"end":{"line":61,"column":35}},"20":{"start":{"line":62,"column":4},"end":{"line":62,"column":66}},"21":{"start":{"line":64,"column":4},"end":{"line":64,"column":21}},"22":{"start":{"line":68,"column":0},"end":{"line":75,"column":1}},"23":{"start":{"line":69,"column":2},"end":{"line":74,"column":7}},"24":{"start":{"line":70,"column":16},"end":{"line":70,"column":31}},"25":{"start":{"line":72,"column":6},"end":{"line":72,"column":24}},"26":{"start":{"line":73,"column":6},"end":{"line":73,"column":22}},"27":{"start":{"line":77,"column":0},"end":{"line":77,"column":41}}},"fnMap":{"0":{"name":"processExpiredPosts","decl":{"start":{"line":13,"column":15},"end":{"line":13,"column":34}},"loc":{"start":{"line":13,"column":37},"end":{"line":66,"column":1}},"line":13},"1":{"name":"(anonymous_1)","decl":{"start":{"line":70,"column":10},"end":{"line":70,"column":11}},"loc":{"start":{"line":70,"column":16},"end":{"line":70,"column":31}},"line":70},"2":{"name":"(anonymous_2)","decl":{"start":{"line":71,"column":11},"end":{"line":71,"column":12}},"loc":{"start":{"line":71,"column":20},"end":{"line":74,"column":5}},"line":71}},"branchMap":{"0":{"loc":{"start":{"line":27,"column":4},"end":{"line":30,"column":5}},"type":"if","locations":[{"start":{"line":27,"column":4},"end":{"line":30,"column":5}},{"start":{},"end":{}}],"line":27},"1":{"loc":{"start":{"line":68,"column":0},"end":{"line":75,"column":1}},"type":"if","locations":[{"start":{"line":68,"column":0},"end":{"line":75,"column":1}},{"start":{},"end":{}}],"line":68}},"s":{"0":0,"1":0,"2":0,"3":0,"4":0,"5":0,"6":0,"7":0,"8":0,"9":0,"10":0,"11":0,"12":0,"13":0,"14":0,"15":0,"16":0,"17":0,"18":0,"19":0,"20":0,"21":0,"22":0,"23":0,"24":0,"25":0,"26":0,"27":0},"f":{"0":0,"1":0,"2":0},"b":{"0":[0,0],"1":[0,0]}}
}
