{"total": {"lines":{"total":512,"covered":290,"skipped":0,"pct":56.64},"statements":{"total":549,"covered":310,"skipped":0,"pct":56.46},"functions":{"total":78,"covered":30,"skipped":0,"pct":38.46},"branches":{"total":331,"covered":142,"skipped":0,"pct":42.9},"branchesTrue":{"total":0,"covered":0,"skipped":0,"pct":100}}
,"C:\\Users\\laksh\\GITHUB\\1hub_rep2\\G48A\\server\\src\\config\\tierRules.js": {"lines":{"total":98,"covered":45,"skipped":0,"pct":45.91},"functions":{"total":24,"covered":10,"skipped":0,"pct":41.66},"statements":{"total":113,"covered":52,"skipped":0,"pct":46.01},"branches":{"total":78,"covered":42,"skipped":0,"pct":53.84}}
,"C:\\Users\\laksh\\GITHUB\\1hub_rep2\\G48A\\server\\src\\controllers\\ordersController.js": {"lines":{"total":86,"covered":17,"skipped":0,"pct":19.76},"functions":{"total":6,"covered":2,"skipped":0,"pct":33.33},"statements":{"total":91,"covered":19,"skipped":0,"pct":20.87},"branches":{"total":46,"covered":9,"skipped":0,"pct":19.56}}
,"C:\\Users\\laksh\\GITHUB\\1hub_rep2\\G48A\\server\\src\\middleware\\rateLimiter.js": {"lines":{"total":80,"covered":44,"skipped":0,"pct":55},"functions":{"total":21,"covered":5,"skipped":0,"pct":23.8},"statements":{"total":80,"covered":44,"skipped":0,"pct":55},"branches":{"total":59,"covered":12,"skipped":0,"pct":20.33}}
,"C:\\Users\\laksh\\GITHUB\\1hub_rep2\\G48A\\server\\src\\middleware\\security.js": {"lines":{"total":157,"covered":108,"skipped":0,"pct":68.78},"functions":{"total":16,"covered":7,"skipped":0,"pct":43.75},"statements":{"total":167,"covered":113,"skipped":0,"pct":67.66},"branches":{"total":116,"covered":54,"skipped":0,"pct":46.55}}
,"C:\\Users\\laksh\\GITHUB\\1hub_rep2\\G48A\\server\\src\\utils\\authUtils.js": {"lines":{"total":36,"covered":29,"skipped":0,"pct":80.55},"functions":{"total":5,"covered":4,"skipped":0,"pct":80},"statements":{"total":43,"covered":35,"skipped":0,"pct":81.39},"branches":{"total":24,"covered":19,"skipped":0,"pct":79.16}}
,"C:\\Users\\laksh\\GITHUB\\1hub_rep2\\G48A\\server\\src\\workers\\cronEscrowSettlement.js": {"lines":{"total":27,"covered":23,"skipped":0,"pct":85.18},"functions":{"total":3,"covered":1,"skipped":0,"pct":33.33},"statements":{"total":27,"covered":23,"skipped":0,"pct":85.18},"branches":{"total":4,"covered":3,"skipped":0,"pct":75}}
,"C:\\Users\\laksh\\GITHUB\\1hub_rep2\\G48A\\server\\src\\workers\\cronPostExpiry.js": {"lines":{"total":28,"covered":24,"skipped":0,"pct":85.71},"functions":{"total":3,"covered":1,"skipped":0,"pct":33.33},"statements":{"total":28,"covered":24,"skipped":0,"pct":85.71},"branches":{"total":4,"covered":3,"skipped":0,"pct":75}}
}
