TN:
SF:src\config\tierRules.js
FN:41,(anonymous_0)
FN:45,(anonymous_1)
FN:74,(anonymous_2)
FN:75,(anonymous_3)
FN:111,(anonymous_4)
FN:115,(anonymous_5)
FN:153,(anonymous_6)
FN:157,(anonymous_7)
FN:195,(anonymous_8)
FN:199,(anonymous_9)
FN:237,(anonymous_10)
FN:241,(anonymous_11)
FN:258,(anonymous_12)
FN:260,(anonymous_13)
FN:268,(anonymous_14)
FN:305,(anonymous_15)
FN:307,(anonymous_16)
FN:358,(anonymous_17)
FN:371,(anonymous_18)
FN:379,(anonymous_19)
FN:391,(anonymous_20)
FN:396,(anonymous_21)
FN:401,(anonymous_22)
FN:408,(anonymous_23)
FNF:24
FNH:10
FNDA:0,(anonymous_0)
FNDA:0,(anonymous_1)
FNDA:0,(anonymous_2)
FNDA:0,(anonymous_3)
FNDA:0,(anonymous_4)
FNDA:0,(anonymous_5)
FNDA:0,(anonymous_6)
FNDA:0,(anonymous_7)
FNDA:0,(anonymous_8)
FNDA:0,(anonymous_9)
FNDA:0,(anonymous_10)
FNDA:0,(anonymous_11)
FNDA:44,(anonymous_12)
FNDA:3,(anonymous_13)
FNDA:16,(anonymous_14)
FNDA:2,(anonymous_15)
FNDA:8,(anonymous_16)
FNDA:0,(anonymous_17)
FNDA:1,(anonymous_18)
FNDA:0,(anonymous_19)
FNDA:6,(anonymous_20)
FNDA:2,(anonymous_21)
FNDA:3,(anonymous_22)
FNDA:4,(anonymous_23)
DA:10,2
DA:42,0
DA:43,0
DA:46,0
DA:47,0
DA:48,0
DA:74,0
DA:76,0
DA:77,0
DA:78,0
DA:112,0
DA:113,0
DA:116,0
DA:117,0
DA:118,0
DA:154,0
DA:155,0
DA:158,0
DA:159,0
DA:160,0
DA:196,0
DA:197,0
DA:200,0
DA:201,0
DA:202,0
DA:238,0
DA:239,0
DA:242,0
DA:243,0
DA:244,0
DA:249,2
DA:251,2
DA:258,44
DA:260,2
DA:261,3
DA:262,3
DA:263,2
DA:264,2
DA:265,2
DA:268,2
DA:269,16
DA:270,16
DA:305,2
DA:307,2
DA:308,8
DA:309,8
DA:310,6
DA:311,6
DA:314,5
DA:315,0
DA:316,0
DA:318,0
DA:327,0
DA:329,0
DA:332,0
DA:335,0
DA:338,0
DA:339,0
DA:343,0
DA:344,0
DA:349,0
DA:353,5
DA:354,5
DA:355,5
DA:358,2
DA:359,0
DA:360,0
DA:366,0
DA:367,0
DA:371,2
DA:372,1
DA:373,1
DA:374,0
DA:375,0
DA:376,0
DA:379,2
DA:380,0
DA:381,0
DA:385,0
DA:387,0
DA:391,2
DA:392,6
DA:393,6
DA:396,2
DA:397,2
DA:398,2
DA:401,2
DA:402,3
DA:403,3
DA:404,2
DA:405,2
DA:408,2
DA:409,4
DA:410,4
DA:411,4
DA:412,0
DA:414,4
DA:417,2
LF:98
LH:45
BRDA:42,0,0,0
BRDA:42,0,1,0
BRDA:74,1,0,0
BRDA:74,1,1,0
BRDA:112,2,0,0
BRDA:112,2,1,0
BRDA:154,3,0,0
BRDA:154,3,1,0
BRDA:196,4,0,0
BRDA:196,4,1,0
BRDA:238,5,0,0
BRDA:238,5,1,0
BRDA:258,6,0,44
BRDA:258,6,1,3
BRDA:262,7,0,1
BRDA:262,7,1,2
BRDA:275,8,0,13
BRDA:275,8,1,3
BRDA:276,9,0,13
BRDA:276,9,1,3
BRDA:277,10,0,16
BRDA:277,10,1,0
BRDA:278,11,0,5
BRDA:278,11,1,11
BRDA:278,12,0,16
BRDA:278,12,1,16
BRDA:284,13,0,16
BRDA:284,13,1,16
BRDA:292,14,0,16
BRDA:292,14,1,8
BRDA:293,15,0,16
BRDA:293,15,1,8
BRDA:294,16,0,16
BRDA:294,16,1,8
BRDA:309,17,0,2
BRDA:309,17,1,6
BRDA:310,18,0,0
BRDA:310,18,1,6
BRDA:310,19,0,6
BRDA:310,19,1,0
BRDA:311,20,0,1
BRDA:311,20,1,5
BRDA:311,21,0,6
BRDA:311,21,1,3
BRDA:314,22,0,0
BRDA:314,22,1,5
BRDA:315,23,0,0
BRDA:315,23,1,0
BRDA:327,24,0,0
BRDA:327,24,1,0
BRDA:335,25,0,0
BRDA:335,25,1,0
BRDA:335,26,0,0
BRDA:335,26,1,0
BRDA:338,27,0,0
BRDA:338,27,1,0
BRDA:349,28,0,0
BRDA:349,28,1,0
BRDA:360,29,0,0
BRDA:360,29,1,0
BRDA:360,30,0,0
BRDA:360,30,1,0
BRDA:366,31,0,0
BRDA:366,31,1,0
BRDA:373,32,0,1
BRDA:373,32,1,0
BRDA:393,33,0,3
BRDA:393,33,1,3
BRDA:393,34,0,6
BRDA:393,34,1,5
BRDA:398,35,0,1
BRDA:398,35,1,1
BRDA:403,36,0,1
BRDA:403,36,1,2
BRDA:411,37,0,0
BRDA:411,37,1,4
BRDA:411,38,0,4
BRDA:411,38,1,4
BRF:78
BRH:42
end_of_record
TN:
SF:src\controllers\ordersController.js
FN:9,(anonymous_0)
FN:37,(anonymous_1)
FN:100,(anonymous_2)
FN:113,(anonymous_3)
FN:151,(anonymous_4)
FN:192,(anonymous_5)
FNF:6
FNH:2
FNDA:17,(anonymous_0)
FNDA:1,(anonymous_1)
FNDA:0,(anonymous_2)
FNDA:0,(anonymous_3)
FNDA:0,(anonymous_4)
FNDA:0,(anonymous_5)
DA:1,1
DA:2,1
DA:3,1
DA:9,1
DA:10,17
DA:11,17
DA:13,16
DA:14,16
DA:16,16
DA:17,16
DA:26,16
DA:28,0
DA:29,0
DA:37,1
DA:38,1
DA:39,1
DA:41,0
DA:43,0
DA:44,0
DA:47,0
DA:49,0
DA:53,0
DA:54,0
DA:57,0
DA:58,0
DA:59,0
DA:62,0
DA:70,0
DA:74,0
DA:75,0
DA:76,0
DA:77,0
DA:78,0
DA:81,0
DA:82,0
DA:83,0
DA:85,0
DA:93,0
DA:100,0
DA:102,0
DA:104,0
DA:105,0
DA:113,1
DA:114,0
DA:115,0
DA:117,0
DA:118,0
DA:131,0
DA:132,0
DA:135,0
DA:136,0
DA:137,0
DA:140,0
DA:142,0
DA:143,0
DA:151,1
DA:152,0
DA:153,0
DA:155,0
DA:156,0
DA:158,0
DA:159,0
DA:162,0
DA:163,0
DA:170,0
DA:171,0
DA:175,0
DA:181,0
DA:183,0
DA:184,0
DA:192,1
DA:193,0
DA:194,0
DA:196,0
DA:197,0
DA:202,0
DA:203,0
DA:206,0
DA:207,0
DA:208,0
DA:211,0
DA:212,0
DA:215,0
DA:222,0
DA:224,0
DA:225,0
LF:86
LH:17
BRDA:11,0,0,1
BRDA:11,0,1,16
BRDA:13,1,0,16
BRDA:13,1,1,1
BRDA:14,2,0,1
BRDA:14,2,1,15
BRDA:21,3,0,1
BRDA:21,3,1,15
BRDA:39,4,0,1
BRDA:39,4,1,0
BRDA:43,5,0,0
BRDA:43,5,1,0
BRDA:43,6,0,0
BRDA:43,6,1,0
BRDA:53,7,0,0
BRDA:53,7,1,0
BRDA:58,8,0,0
BRDA:58,8,1,0
BRDA:70,9,0,0
BRDA:70,9,1,0
BRDA:89,10,0,0
BRDA:89,10,1,0
BRDA:115,11,0,0
BRDA:115,11,1,0
BRDA:131,12,0,0
BRDA:131,12,1,0
BRDA:136,13,0,0
BRDA:136,13,1,0
BRDA:136,14,0,0
BRDA:136,14,1,0
BRDA:153,15,0,0
BRDA:153,15,1,0
BRDA:158,16,0,0
BRDA:158,16,1,0
BRDA:158,17,0,0
BRDA:158,17,1,0
BRDA:170,18,0,0
BRDA:170,18,1,0
BRDA:194,19,0,0
BRDA:194,19,1,0
BRDA:202,20,0,0
BRDA:202,20,1,0
BRDA:207,21,0,0
BRDA:207,21,1,0
BRDA:211,22,0,0
BRDA:211,22,1,0
BRF:46
BRH:9
end_of_record
TN:
SF:src\middleware\rateLimiter.js
FN:14,(anonymous_0)
FN:18,(anonymous_1)
FN:22,(anonymous_2)
FN:32,(anonymous_3)
FN:41,(anonymous_4)
FN:46,buildStore
FN:57,resolveClientIp
FN:67,(anonymous_7)
FN:93,(anonymous_8)
FN:96,(anonymous_9)
FN:144,(anonymous_10)
FN:152,(anonymous_11)
FN:162,(anonymous_12)
FN:182,(anonymous_13)
FN:190,(anonymous_14)
FN:195,(anonymous_15)
FN:196,(anonymous_16)
FN:245,(anonymous_17)
FN:264,(anonymous_18)
FN:282,(anonymous_19)
FN:300,(anonymous_20)
FNF:21
FNH:5
FNDA:0,(anonymous_0)
FNDA:0,(anonymous_1)
FNDA:0,(anonymous_2)
FNDA:0,(anonymous_3)
FNDA:0,(anonymous_4)
FNDA:10,buildStore
FNDA:17,resolveClientIp
FNDA:0,(anonymous_7)
FNDA:0,(anonymous_8)
FNDA:0,(anonymous_9)
FNDA:0,(anonymous_10)
FNDA:0,(anonymous_11)
FNDA:0,(anonymous_12)
FNDA:17,(anonymous_13)
FNDA:11,(anonymous_14)
FNDA:13,(anonymous_15)
FNDA:0,(anonymous_16)
FNDA:0,(anonymous_17)
FNDA:0,(anonymous_18)
FNDA:0,(anonymous_19)
FNDA:0,(anonymous_20)
DA:7,1
DA:8,1
DA:9,1
DA:15,0
DA:19,0
DA:23,0
DA:24,0
DA:26,0
DA:27,0
DA:29,0
DA:34,0
DA:35,0
DA:36,0
DA:37,0
DA:42,0
DA:47,10
DA:48,0
DA:50,10
DA:53,1
DA:54,1
DA:55,1
DA:60,17
DA:64,1
DA:67,1
DA:68,0
DA:69,0
DA:70,0
DA:71,0
DA:72,0
DA:77,1
DA:78,1
DA:82,1
DA:94,0
DA:98,0
DA:103,1
DA:117,1
DA:129,1
DA:141,1
DA:144,0
DA:149,1
DA:152,0
DA:159,1
DA:162,0
DA:168,1
DA:182,1
DA:183,17
DA:184,17
DA:185,17
DA:188,17
DA:189,13
DA:191,11
DA:192,11
DA:200,17
DA:201,2
DA:209,15
DA:211,15
DA:215,15
DA:216,0
DA:217,0
DA:218,0
DA:221,15
DA:222,15
DA:224,15
DA:225,0
DA:226,0
DA:230,17
DA:234,1
DA:247,0
DA:248,0
DA:253,1
DA:265,0
DA:266,0
DA:271,1
DA:283,0
DA:284,0
DA:289,1
DA:301,0
DA:302,0
DA:307,1
DA:316,1
LF:80
LH:44
BRDA:14,0,0,0
BRDA:26,1,0,0
BRDA:26,1,1,0
BRDA:36,2,0,0
BRDA:36,2,1,0
BRDA:36,3,0,0
BRDA:36,3,1,0
BRDA:47,4,0,0
BRDA:47,4,1,10
BRDA:60,5,0,17
BRDA:60,5,1,0
BRDA:60,5,2,0
BRDA:60,5,3,0
BRDA:70,6,0,0
BRDA:70,6,1,0
BRDA:71,7,0,0
BRDA:71,7,1,0
BRDA:71,8,0,0
BRDA:71,8,1,0
BRDA:77,9,0,1
BRDA:77,9,1,0
BRDA:98,10,0,0
BRDA:98,10,1,0
BRDA:188,11,0,13
BRDA:188,11,1,4
BRDA:191,12,0,11
BRDA:191,12,1,0
BRDA:200,13,0,2
BRDA:200,13,1,15
BRDA:211,14,0,15
BRDA:211,14,1,0
BRDA:213,15,0,0
BRDA:213,15,1,0
BRDA:215,16,0,0
BRDA:215,16,1,15
BRDA:224,17,0,0
BRDA:224,17,1,15
BRDA:224,18,0,15
BRDA:224,18,1,0
BRDA:247,19,0,0
BRDA:247,19,1,0
BRDA:247,19,2,0
BRDA:248,20,0,0
BRDA:248,20,1,0
BRDA:265,21,0,0
BRDA:265,21,1,0
BRDA:265,21,2,0
BRDA:266,22,0,0
BRDA:266,22,1,0
BRDA:283,23,0,0
BRDA:283,23,1,0
BRDA:283,23,2,0
BRDA:284,24,0,0
BRDA:284,24,1,0
BRDA:301,25,0,0
BRDA:301,25,1,0
BRDA:301,25,2,0
BRDA:302,26,0,0
BRDA:302,26,1,0
BRF:59
BRH:12
end_of_record
TN:
SF:src\middleware\security.js
FN:20,parsePositiveIntEnv
FN:74,resolveAuthState
FN:141,getLoadScenario
FN:144,isTrustedSimulatedLoadRequest
FN:150,getAuthenticatedRateLimitKey
FN:178,(anonymous_5)
FN:191,(anonymous_6)
FN:207,(anonymous_7)
FN:217,(anonymous_8)
FN:256,(anonymous_9)
FN:269,(anonymous_10)
FN:294,(anonymous_11)
FN:308,(anonymous_12)
FN:336,(anonymous_13)
FN:378,(anonymous_14)
FN:403,(anonymous_15)
FNF:16
FNH:7
FNDA:4,parsePositiveIntEnv
FNDA:10,resolveAuthState
FNDA:0,getLoadScenario
FNDA:0,isTrustedSimulatedLoadRequest
FNDA:0,getAuthenticatedRateLimitKey
FNDA:0,(anonymous_5)
FNDA:0,(anonymous_6)
FNDA:0,(anonymous_7)
FNDA:7,(anonymous_8)
FNDA:3,(anonymous_9)
FNDA:3,(anonymous_10)
FNDA:36,(anonymous_11)
FNDA:0,(anonymous_12)
FNDA:14,(anonymous_13)
FNDA:0,(anonymous_14)
FNDA:0,(anonymous_15)
DA:1,1
DA:2,1
DA:3,1
DA:6,1
DA:10,1
DA:11,1
DA:15,1
DA:16,1
DA:17,1
DA:18,1
DA:19,1
DA:21,4
DA:22,4
DA:24,1
DA:28,1
DA:29,1
DA:35,1
DA:40,1
DA:41,1
DA:42,1
DA:43,1
DA:75,10
DA:76,10
DA:80,10
DA:81,2
DA:89,8
DA:90,8
DA:91,2
DA:99,6
DA:100,6
DA:101,5
DA:102,1
DA:110,4
DA:113,4
DA:114,1
DA:122,1
DA:126,1
DA:134,3
DA:142,0
DA:145,0
DA:151,0
DA:152,0
DA:154,0
DA:155,0
DA:156,0
DA:157,0
DA:158,0
DA:163,0
DA:168,0
DA:169,0
DA:173,0
DA:174,0
DA:176,1
DA:179,0
DA:180,0
DA:184,0
DA:186,0
DA:187,0
DA:189,0
DA:192,0
DA:193,0
DA:194,0
DA:196,0
DA:197,0
DA:198,0
DA:201,0
DA:205,0
DA:208,0
DA:217,1
DA:218,7
DA:219,7
DA:220,1
DA:221,0
DA:223,1
DA:226,6
DA:227,1
DA:228,0
DA:230,1
DA:233,5
DA:234,1
DA:239,4
DA:240,1
DA:245,3
DA:246,1
DA:251,2
DA:252,2
DA:253,2
DA:254,2
DA:256,1
DA:257,3
DA:258,3
DA:259,3
DA:260,1
DA:261,1
DA:263,2
DA:264,2
DA:266,3
DA:268,1
DA:269,1
DA:270,3
DA:273,1
DA:282,1
DA:290,1
DA:291,1
DA:292,1
DA:294,1
DA:295,36
DA:296,36
DA:298,36
DA:299,3
DA:300,3
DA:301,3
DA:302,15
DA:304,3
DA:307,33
DA:308,0
DA:311,33
DA:312,33
DA:313,33
DA:314,5
DA:316,5
DA:317,0
DA:318,0
DA:321,5
DA:322,1
DA:323,1
DA:326,4
DA:327,0
DA:328,0
DA:330,4
DA:333,33
DA:336,1
DA:337,14
DA:338,14
DA:339,14
DA:340,14
DA:344,14
DA:346,1
DA:347,1
DA:348,1
DA:368,1
DA:377,1
DA:378,1
DA:379,0
DA:380,0
DA:381,0
DA:382,0
DA:387,0
DA:388,0
DA:389,0
DA:390,0
DA:391,0
DA:397,0
DA:399,0
DA:400,0
DA:403,1
DA:404,0
LF:157
LH:108
BRDA:17,0,0,1
BRDA:17,0,1,0
BRDA:22,1,0,0
BRDA:22,1,1,4
BRDA:22,2,0,4
BRDA:22,2,1,0
BRDA:31,3,0,0
BRDA:31,3,1,1
BRDA:80,4,0,2
BRDA:80,4,1,8
BRDA:80,5,0,10
BRDA:80,5,1,10
BRDA:90,6,0,2
BRDA:90,6,1,6
BRDA:101,7,0,1
BRDA:101,7,1,4
BRDA:113,8,0,1
BRDA:113,8,1,3
BRDA:142,9,0,0
BRDA:142,9,1,0
BRDA:146,10,0,0
BRDA:146,10,1,0
BRDA:151,11,0,0
BRDA:151,11,1,0
BRDA:156,12,0,0
BRDA:156,12,1,0
BRDA:163,13,0,0
BRDA:163,13,1,0
BRDA:163,13,2,0
BRDA:163,13,3,0
BRDA:163,13,4,0
BRDA:168,14,0,0
BRDA:168,14,1,0
BRDA:168,15,0,0
BRDA:168,15,1,0
BRDA:168,15,2,0
BRDA:180,16,0,0
BRDA:180,16,1,0
BRDA:181,17,0,0
BRDA:181,17,1,0
BRDA:186,18,0,0
BRDA:186,18,1,0
BRDA:193,19,0,0
BRDA:193,19,1,0
BRDA:193,20,0,0
BRDA:193,20,1,0
BRDA:197,21,0,0
BRDA:197,21,1,0
BRDA:201,22,0,0
BRDA:201,22,1,0
BRDA:201,22,2,0
BRDA:201,22,3,0
BRDA:208,23,0,0
BRDA:208,23,1,0
BRDA:208,23,2,0
BRDA:219,24,0,1
BRDA:219,24,1,6
BRDA:220,25,0,0
BRDA:220,25,1,1
BRDA:226,26,0,1
BRDA:226,26,1,5
BRDA:227,27,0,0
BRDA:227,27,1,1
BRDA:233,28,0,1
BRDA:233,28,1,4
BRDA:239,29,0,1
BRDA:239,29,1,3
BRDA:245,30,0,1
BRDA:245,30,1,2
BRDA:259,31,0,1
BRDA:259,31,1,2
BRDA:294,32,0,32
BRDA:295,33,0,0
BRDA:295,33,1,36
BRDA:296,34,0,0
BRDA:296,34,1,36
BRDA:296,35,0,36
BRDA:296,35,1,36
BRDA:298,36,0,3
BRDA:298,36,1,33
BRDA:300,37,0,0
BRDA:300,37,1,3
BRDA:302,38,0,1
BRDA:302,38,1,14
BRDA:307,39,0,0
BRDA:307,39,1,33
BRDA:311,40,0,33
BRDA:311,40,1,0
BRDA:311,41,0,33
BRDA:311,41,1,33
BRDA:316,42,0,0
BRDA:316,42,1,5
BRDA:321,43,0,1
BRDA:321,43,1,4
BRDA:321,44,0,5
BRDA:321,44,1,1
BRDA:326,45,0,0
BRDA:326,45,1,4
BRDA:338,46,0,4
BRDA:338,46,1,10
BRDA:339,47,0,14
BRDA:339,47,1,0
BRDA:340,48,0,14
BRDA:340,48,1,0
BRDA:350,49,0,0
BRDA:350,49,1,1
BRDA:365,50,0,0
BRDA:365,50,1,1
BRDA:380,51,0,0
BRDA:380,51,1,0
BRDA:387,52,0,0
BRDA:387,52,1,0
BRDA:388,53,0,0
BRDA:388,53,1,0
BRDA:390,54,0,0
BRDA:390,54,1,0
BRF:116
BRH:54
end_of_record
TN:
SF:src\utils\authUtils.js
FN:14,evictStale
FN:29,(anonymous_1)
FN:51,(anonymous_2)
FN:59,(anonymous_3)
FN:74,(anonymous_4)
FNF:5
FNH:4
FNDA:0,evictStale
FNDA:142,(anonymous_1)
FNDA:3,(anonymous_2)
FNDA:10,(anonymous_3)
FNDA:8,(anonymous_4)
DA:8,2
DA:9,2
DA:10,2
DA:11,2
DA:15,0
DA:16,0
DA:17,0
DA:22,2
DA:23,2
DA:29,2
DA:30,142
DA:31,142
DA:32,33
DA:34,33
DA:35,10
DA:39,109
DA:40,0
DA:41,0
DA:43,109
DA:51,2
DA:52,3
DA:59,2
DA:60,10
DA:61,10
DA:62,7
DA:63,0
DA:64,0
DA:66,7
DA:74,2
DA:75,8
DA:76,8
DA:77,8
DA:78,8
DA:79,8
DA:82,8
DA:88,2
LF:36
LH:29
BRDA:17,0,0,0
BRDA:17,0,1,0
BRDA:23,1,0,2
BRDA:23,1,1,0
BRDA:31,2,0,33
BRDA:31,2,1,109
BRDA:31,3,0,142
BRDA:31,3,1,33
BRDA:34,4,0,10
BRDA:34,4,1,23
BRDA:39,5,0,0
BRDA:39,5,1,109
BRDA:61,6,0,3
BRDA:61,6,1,7
BRDA:62,7,0,0
BRDA:62,7,1,7
BRDA:76,8,0,3
BRDA:76,8,1,5
BRDA:77,9,0,3
BRDA:77,9,1,5
BRDA:78,10,0,2
BRDA:78,10,1,6
BRDA:79,11,0,3
BRDA:79,11,1,5
BRF:24
BRH:19
end_of_record
TN:
SF:src\workers\cronEscrowSettlement.js
FN:12,processEscrowSettlements
FN:65,(anonymous_1)
FN:66,(anonymous_2)
FNF:3
FNH:1
FNDA:5,processEscrowSettlements
FNDA:0,(anonymous_1)
FNDA:0,(anonymous_2)
DA:8,1
DA:9,1
DA:10,1
DA:13,5
DA:14,5
DA:15,4
DA:16,4
DA:24,4
DA:26,4
DA:27,1
DA:28,1
DA:31,3
DA:33,3
DA:34,4
DA:37,4
DA:43,3
DA:52,3
DA:53,3
DA:56,1
DA:57,1
DA:59,4
DA:63,1
DA:64,0
DA:65,0
DA:67,0
DA:68,0
DA:72,1
LF:27
LH:23
BRDA:26,0,0,1
BRDA:26,0,1,3
BRDA:63,1,0,0
BRDA:63,1,1,1
BRF:4
BRH:3
end_of_record
TN:
SF:src\workers\cronPostExpiry.js
FN:13,processExpiredPosts
FN:70,(anonymous_1)
FN:71,(anonymous_2)
FNF:3
FNH:1
FNDA:4,processExpiredPosts
FNDA:0,(anonymous_1)
FNDA:0,(anonymous_2)
DA:9,1
DA:10,1
DA:11,1
DA:14,4
DA:15,4
DA:16,3
DA:18,3
DA:25,3
DA:27,3
DA:28,1
DA:29,1
DA:32,2
DA:34,2
DA:35,3
DA:38,3
DA:44,2
DA:55,2
DA:56,2
DA:58,2
DA:61,1
DA:62,1
DA:64,3
DA:68,1
DA:69,0
DA:70,0
DA:72,0
DA:73,0
DA:77,1
LF:28
LH:24
BRDA:27,0,0,1
BRDA:27,0,1,2
BRDA:68,1,0,0
BRDA:68,1,1,1
BRF:4
BRH:3
end_of_record
